{"/Users/lnked/web/react-starter.dev/src/app.tsx": {"path":"/Users/lnked/web/react-starter.dev/src/app.tsx","statementMap":{"0":{"start":{"line":1,"column":0},"end":{"line":1,"column":-1}},"1":{"start":{"line":3,"column":0},"end":{"line":3,"column":-1}},"2":{"start":{"line":5,"column":0},"end":{"line":5,"column":-1}},"3":{"start":{"line":7,"column":0},"end":{"line":7,"column":-1}},"4":{"start":{"line":9,"column":0},"end":{"line":9,"column":-1}},"5":{"start":{"line":11,"column":0},"end":{"line":11,"column":-1}},"6":{"start":{"line":13,"column":0},"end":{"line":13,"column":-1}},"7":{"start":{"line":15,"column":0},"end":{"line":15,"column":-1}},"8":{"start":{"line":17,"column":21},"end":{"line":17,"column":0}},"9":{"start":{"line":23,"column":16},"end":{"line":23,"column":0}},"10":{"start":{"line":24,"column":18},"end":{"line":24,"column":0}},"11":{"start":{"line":27,"column":4},"end":{"line":null,"column":-1}},"12":{"start":{"line":28,"column":8},"end":{"line":31,"column":9}},"13":{"start":{"line":29,"column":29},"end":{"line":29,"column":12}},"14":{"start":{"line":30,"column":12},"end":{"line":null,"column":-1}},"15":{"start":{"line":33,"column":8},"end":{"line":null,"column":-1}},"16":{"start":{"line":37,"column":8},"end":{"line":null,"column":-1}},"17":{"start":{"line":43,"column":44},"end":{"line":null,"column":-1}},"18":{"start":{"line":26,"column":0},"end":{"line":null,"column":-1}},"19":{"start":{"line":57,"column":0},"end":{"line":null,"column":-1}}},"fnMap":{"0":{"name":"(anonymous_2)","decl":{"start":{"line":26,"column":0},"end":{"line":26,"column":-1}},"loc":{"start":{"line":26,"column":0},"end":{"line":55,"column":1}}},"1":{"name":"(anonymous_3)","decl":{"start":{"line":27,"column":20},"end":{"line":27,"column":24}},"loc":{"start":{"line":27,"column":25},"end":{"line":27,"column":4}}},"2":{"name":"(anonymous_4)","decl":{"start":{"line":36,"column":4},"end":{"line":36,"column":9}},"loc":{"start":{"line":36,"column":10},"end":{"line":54,"column":5}}},"3":{"name":"(anonymous_5)","decl":{"start":{"line":43,"column":44},"end":{"line":43,"column":62}},"loc":{"start":{"line":43,"column":44},"end":{"line":43,"column":33}}}},"branchMap":{"0":{"loc":{"start":{"line":28,"column":8},"end":{"line":31,"column":9}},"type":"if","locations":[{"start":{"line":28,"column":8},"end":{"line":31,"column":9}},{"start":{"line":28,"column":8},"end":{"line":31,"column":9}}]}},"s":{"0":0,"1":0,"2":0,"3":0,"4":0,"5":0,"6":0,"7":0,"8":0,"9":0,"10":0,"11":0,"12":0,"13":0,"14":0,"15":0,"16":0,"17":0,"18":0,"19":0},"f":{"0":0,"1":0,"2":0,"3":0},"b":{"0":[0,0]}}
,"/Users/lnked/web/react-starter.dev/src/client.tsx": {"path":"/Users/lnked/web/react-starter.dev/src/client.tsx","statementMap":{"0":{"start":{"line":1,"column":0},"end":{"line":1,"column":-1}},"1":{"start":{"line":2,"column":0},"end":{"line":2,"column":-1}},"2":{"start":{"line":3,"column":0},"end":{"line":null,"column":-1}},"3":{"start":{"line":4,"column":0},"end":{"line":4,"column":-1}},"4":{"start":{"line":6,"column":20},"end":{"line":6,"column":0}},"5":{"start":{"line":8,"column":0},"end":{"line":10,"column":1}},"6":{"start":{"line":9,"column":4},"end":{"line":null,"column":-1}},"7":{"start":{"line":12,"column":18},"end":{"line":12,"column":0}},"8":{"start":{"line":13,"column":4},"end":{"line":null,"column":-1}},"9":{"start":{"line":14,"column":4},"end":{"line":null,"column":-1}},"10":{"start":{"line":17,"column":0},"end":{"line":21,"column":1}},"11":{"start":{"line":18,"column":4},"end":{"line":20,"column":5}},"12":{"start":{"line":19,"column":8},"end":{"line":null,"column":-1}},"13":{"start":{"line":23,"column":0},"end":{"line":23,"column":9}}},"fnMap":{"0":{"name":"(anonymous_0)","decl":{"start":{"line":12,"column":18},"end":{"line":12,"column":22}},"loc":{"start":{"line":12,"column":23},"end":{"line":12,"column":0}}}},"branchMap":{"0":{"loc":{"start":{"line":8,"column":0},"end":{"line":10,"column":1}},"type":"if","locations":[{"start":{"line":8,"column":0},"end":{"line":10,"column":1}},{"start":{"line":8,"column":0},"end":{"line":10,"column":1}}]},"1":{"loc":{"start":{"line":17,"column":0},"end":{"line":21,"column":1}},"type":"if","locations":[{"start":{"line":17,"column":0},"end":{"line":21,"column":1}},{"start":{"line":17,"column":0},"end":{"line":21,"column":1}}]},"2":{"loc":{"start":{"line":18,"column":4},"end":{"line":20,"column":5}},"type":"if","locations":[{"start":{"line":18,"column":4},"end":{"line":20,"column":5}},{"start":{"line":18,"column":4},"end":{"line":20,"column":5}}]}},"s":{"0":0,"1":0,"2":0,"3":0,"4":0,"5":0,"6":0,"7":0,"8":0,"9":0,"10":0,"11":0,"12":0,"13":0},"f":{"0":0},"b":{"0":[0,0],"1":[0,0],"2":[0,0]}}
,"/Users/lnked/web/react-starter.dev/src/__utils__/link.js": {"path":"/Users/lnked/web/react-starter.dev/src/__utils__/link.js","statementMap":{"0":{"start":{"line":3,"column":13},"end":{"line":3,"column":58}},"1":{"start":{"line":3,"column":33},"end":{"line":3,"column":58}}},"fnMap":{"0":{"name":"(anonymous_0)","decl":{"start":{"line":3,"column":13},"end":{"line":3,"column":14}},"loc":{"start":{"line":3,"column":33},"end":{"line":3,"column":58}},"line":3}},"branchMap":{},"s":{"0":1,"1":1},"f":{"0":1},"b":{},"_coverageSchema":"332fd63041d2c1bcb487cc26dd0d5f7d97098a6c","hash":"8ab1c139e46a1780c288aa1a0839a9b36578706a"}
,"/Users/lnked/web/react-starter.dev/src/components/index.ts": {"path":"/Users/lnked/web/react-starter.dev/src/components/index.ts","statementMap":{"0":{"start":{"line":1,"column":0},"end":{"line":null,"column":-1}},"1":{"start":{"line":2,"column":0},"end":{"line":null,"column":-1}},"2":{"start":{"line":3,"column":0},"end":{"line":null,"column":-1}},"3":{"start":{"line":4,"column":0},"end":{"line":null,"column":-1}},"4":{"start":{"line":5,"column":0},"end":{"line":null,"column":-1}},"5":{"start":{"line":6,"column":0},"end":{"line":null,"column":-1}},"6":{"start":{"line":7,"column":0},"end":{"line":null,"column":-1}},"7":{"start":{"line":8,"column":0},"end":{"line":null,"column":-1}},"8":{"start":{"line":9,"column":0},"end":{"line":null,"column":-1}}},"fnMap":{},"branchMap":{},"s":{"0":0,"1":0,"2":0,"3":0,"4":0,"5":0,"6":0,"7":0,"8":0},"f":{},"b":{}}
,"/Users/lnked/web/react-starter.dev/src/components/badge/index.tsx": {"path":"/Users/lnked/web/react-starter.dev/src/components/badge/index.tsx","statementMap":{"0":{"start":{"line":1,"column":0},"end":{"line":1,"column":-1}},"1":{"start":{"line":4,"column":0},"end":{"line":4,"column":-1}},"2":{"start":{"line":23,"column":20},"end":{"line":23,"column":0}},"3":{"start":{"line":30,"column":19},"end":{"line":null,"column":-1}},"4":{"start":{"line":44,"column":56},"end":{"line":44,"column":8}},"5":{"start":{"line":44,"column":8},"end":{"line":null,"column":-1}},"6":{"start":{"line":46,"column":8},"end":{"line":null,"column":-1}},"7":{"start":{"line":37,"column":11},"end":{"line":null,"column":-1}},"8":{"start":{"line":36,"column":0},"end":{"line":null,"column":-1}}},"fnMap":{"0":{"name":"(anonymous_3)","decl":{"start":{"line":30,"column":19},"end":{"line":30,"column":19}},"loc":{"start":{"line":30,"column":19},"end":{"line":30,"column":63}}},"1":{"name":"(anonymous_4)","decl":{"start":{"line":43,"column":4},"end":{"line":43,"column":9}},"loc":{"start":{"line":43,"column":10},"end":{"line":51,"column":5}}}},"branchMap":{"0":{"loc":{"start":{"line":30,"column":49},"end":{"line":30,"column":34}},"type":"cond-expr","locations":[{"start":{"line":30,"column":49},"end":{"line":30,"column":34}},{"start":{"line":30,"column":57},"end":{"line":30,"column":19}}]},"1":{"loc":{"start":{"line":48,"column":17},"end":{"line":48,"column":22}},"type":"binary-expr","locations":[{"start":{"line":48,"column":17},"end":{"line":48,"column":22}},{"start":{"line":48,"column":26},"end":{"line":47,"column":12}}]}},"s":{"0":0,"1":0,"2":0,"3":0,"4":0,"5":0,"6":0,"7":0,"8":0},"f":{"0":0,"1":0},"b":{"0":[0,0],"1":[0,0]}}
,"/Users/lnked/web/react-starter.dev/src/components/button/index.tsx": {"path":"/Users/lnked/web/react-starter.dev/src/components/button/index.tsx","statementMap":{"0":{"start":{"line":1,"column":0},"end":{"line":1,"column":-1}},"1":{"start":{"line":2,"column":0},"end":{"line":2,"column":-1}},"2":{"start":{"line":4,"column":0},"end":{"line":4,"column":-1}},"3":{"start":{"line":18,"column":11},"end":{"line":18,"column":0}},"4":{"start":{"line":32,"column":4},"end":{"line":null,"column":-1}},"5":{"start":{"line":33,"column":8},"end":{"line":35,"column":9}},"6":{"start":{"line":34,"column":12},"end":{"line":null,"column":-1}},"7":{"start":{"line":39,"column":88},"end":{"line":39,"column":8}},"8":{"start":{"line":41,"column":8},"end":{"line":null,"column":-1}},"9":{"start":{"line":21,"column":11},"end":{"line":null,"column":-1}},"10":{"start":{"line":28,"column":12},"end":{"line":null,"column":-1}},"11":{"start":{"line":20,"column":0},"end":{"line":null,"column":-1}}},"fnMap":{"0":{"name":"(anonymous_0)","decl":{"start":{"line":20,"column":0},"end":{"line":20,"column":-1}},"loc":{"start":{"line":20,"column":0},"end":{"line":52,"column":1}}},"1":{"name":"(anonymous_1)","decl":{"start":{"line":32,"column":18},"end":{"line":32,"column":22}},"loc":{"start":{"line":32,"column":23},"end":{"line":32,"column":4}}},"2":{"name":"(anonymous_2)","decl":{"start":{"line":38,"column":4},"end":{"line":38,"column":9}},"loc":{"start":{"line":38,"column":10},"end":{"line":51,"column":5}}},"3":{"name":"(anonymous_3)","decl":{"start":{"line":27,"column":21},"end":{"line":27,"column":25}},"loc":{"start":{"line":27,"column":26},"end":{"line":29,"column":9}}}},"branchMap":{"0":{"loc":{"start":{"line":33,"column":8},"end":{"line":35,"column":9}},"type":"if","locations":[{"start":{"line":33,"column":8},"end":{"line":35,"column":9}},{"start":{"line":33,"column":8},"end":{"line":35,"column":9}}]},"1":{"loc":{"start":{"line":48,"column":17},"end":{"line":48,"column":22}},"type":"binary-expr","locations":[{"start":{"line":48,"column":17},"end":{"line":48,"column":22}},{"start":{"line":48,"column":26},"end":{"line":42,"column":12}}]}},"s":{"0":0,"1":0,"2":0,"3":0,"4":0,"5":0,"6":0,"7":0,"8":0,"9":0,"10":0,"11":0},"f":{"0":0,"1":0,"2":0,"3":0},"b":{"0":[0,0],"1":[0,0]}}
,"/Users/lnked/web/react-starter.dev/src/components/button/present.tsx": {"path":"/Users/lnked/web/react-starter.dev/src/components/button/present.tsx","statementMap":{"0":{"start":{"line":1,"column":0},"end":{"line":1,"column":-1}},"1":{"start":{"line":2,"column":0},"end":{"line":2,"column":-1}},"2":{"start":{"line":4,"column":0},"end":{"line":4,"column":-1}},"3":{"start":{"line":11,"column":11},"end":{"line":11,"column":0}},"4":{"start":{"line":13,"column":13},"end":{"line":null,"column":-1}},"5":{"start":{"line":13,"column":23},"end":{"line":null,"column":-1}}},"fnMap":{"0":{"name":"(anonymous_0)","decl":{"start":{"line":13,"column":23},"end":{"line":13,"column":23}},"loc":{"start":{"line":13,"column":23},"end":{"line":13,"column":13}}}},"branchMap":{},"s":{"0":0,"1":0,"2":0,"3":0,"4":0,"5":0},"f":{"0":0},"b":{}}
,"/Users/lnked/web/react-starter.dev/src/components/card/index.tsx": {"path":"/Users/lnked/web/react-starter.dev/src/components/card/index.tsx","statementMap":{"0":{"start":{"line":1,"column":0},"end":{"line":1,"column":-1}},"1":{"start":{"line":2,"column":0},"end":{"line":2,"column":-1}},"2":{"start":{"line":4,"column":0},"end":{"line":4,"column":-1}},"3":{"start":{"line":10,"column":11},"end":{"line":10,"column":0}},"4":{"start":{"line":12,"column":13},"end":{"line":null,"column":-1}},"5":{"start":{"line":13,"column":4},"end":{"line":null,"column":-1}}},"fnMap":{"0":{"name":"(anonymous_0)","decl":{"start":{"line":12,"column":20},"end":{"line":12,"column":20}},"loc":{"start":{"line":12,"column":40},"end":{"line":12,"column":13}}}},"branchMap":{},"s":{"0":0,"1":0,"2":0,"3":0,"4":0,"5":0},"f":{"0":0},"b":{}}
,"/Users/lnked/web/react-starter.dev/src/components/checkbox/index.tsx": {"path":"/Users/lnked/web/react-starter.dev/src/components/checkbox/index.tsx","statementMap":{"0":{"start":{"line":1,"column":0},"end":{"line":1,"column":-1}},"1":{"start":{"line":2,"column":0},"end":{"line":2,"column":-1}},"2":{"start":{"line":31,"column":4},"end":{"line":null,"column":-1}},"3":{"start":{"line":46,"column":4},"end":{"line":null,"column":-1}},"4":{"start":{"line":47,"column":24},"end":{"line":47,"column":8}},"5":{"start":{"line":49,"column":8},"end":{"line":null,"column":-1}},"6":{"start":{"line":51,"column":16},"end":{"line":null,"column":-1}},"7":{"start":{"line":54,"column":16},"end":{"line":56,"column":17}},"8":{"start":{"line":55,"column":20},"end":{"line":null,"column":-1}},"9":{"start":{"line":61,"column":4},"end":{"line":null,"column":-1}},"10":{"start":{"line":62,"column":28},"end":{"line":62,"column":8}},"11":{"start":{"line":64,"column":32},"end":{"line":64,"column":8}},"12":{"start":{"line":66,"column":27},"end":{"line":66,"column":8}},"13":{"start":{"line":76,"column":8},"end":{"line":null,"column":-1}},"14":{"start":{"line":79,"column":4},"end":{"line":null,"column":-1}},"15":{"start":{"line":80,"column":29},"end":{"line":80,"column":8}},"16":{"start":{"line":82,"column":26},"end":{"line":82,"column":8}},"17":{"start":{"line":83,"column":28},"end":{"line":83,"column":8}},"18":{"start":{"line":85,"column":8},"end":{"line":null,"column":-1}},"19":{"start":{"line":87,"column":8},"end":{"line":89,"column":9}},"20":{"start":{"line":88,"column":12},"end":{"line":null,"column":-1}},"21":{"start":{"line":91,"column":8},"end":{"line":null,"column":-1}},"22":{"start":{"line":94,"column":4},"end":{"line":null,"column":-1}},"23":{"start":{"line":95,"column":8},"end":{"line":97,"column":9}},"24":{"start":{"line":96,"column":12},"end":{"line":null,"column":-1}},"25":{"start":{"line":99,"column":8},"end":{"line":null,"column":-1}},"26":{"start":{"line":37,"column":8},"end":{"line":41,"column":9}},"27":{"start":{"line":38,"column":12},"end":{"line":null,"column":-1}},"28":{"start":{"line":43,"column":8},"end":{"line":null,"column":-1}},"29":{"start":{"line":103,"column":29},"end":{"line":103,"column":8}},"30":{"start":{"line":105,"column":42},"end":{"line":105,"column":8}},"31":{"start":{"line":107,"column":19},"end":{"line":107,"column":8}},"32":{"start":{"line":109,"column":8},"end":{"line":null,"column":-1}},"33":{"start":{"line":111,"column":8},"end":{"line":113,"column":9}},"34":{"start":{"line":112,"column":12},"end":{"line":null,"column":-1}},"35":{"start":{"line":115,"column":8},"end":{"line":117,"column":9}},"36":{"start":{"line":116,"column":12},"end":{"line":null,"column":-1}},"37":{"start":{"line":119,"column":22},"end":{"line":119,"column":8}},"38":{"start":{"line":121,"column":8},"end":{"line":null,"column":-1}},"39":{"start":{"line":21,"column":11},"end":{"line":null,"column":-1}},"40":{"start":{"line":20,"column":0},"end":{"line":null,"column":-1}}},"fnMap":{"0":{"name":"(anonymous_2)","decl":{"start":{"line":20,"column":0},"end":{"line":20,"column":-1}},"loc":{"start":{"line":20,"column":0},"end":{"line":129,"column":1}}},"1":{"name":"(anonymous_3)","decl":{"start":{"line":46,"column":19},"end":{"line":46,"column":19}},"loc":{"start":{"line":46,"column":30},"end":{"line":46,"column":4}}},"2":{"name":"(anonymous_4)","decl":{"start":{"line":50,"column":12},"end":{"line":50,"column":12}},"loc":{"start":{"line":50,"column":25},"end":{"line":49,"column":8}}},"3":{"name":"(anonymous_5)","decl":{"start":{"line":53,"column":12},"end":{"line":53,"column":16}},"loc":{"start":{"line":53,"column":17},"end":{"line":49,"column":8}}},"4":{"name":"(anonymous_6)","decl":{"start":{"line":61,"column":20},"end":{"line":61,"column":20}},"loc":{"start":{"line":61,"column":35},"end":{"line":61,"column":4}}},"5":{"name":"(anonymous_7)","decl":{"start":{"line":79,"column":19},"end":{"line":79,"column":23}},"loc":{"start":{"line":79,"column":24},"end":{"line":79,"column":4}}},"6":{"name":"(anonymous_8)","decl":{"start":{"line":94,"column":18},"end":{"line":94,"column":22}},"loc":{"start":{"line":94,"column":23},"end":{"line":94,"column":4}}},"7":{"name":"(anonymous_9)","decl":{"start":{"line":36,"column":4},"end":{"line":36,"column":10}},"loc":{"start":{"line":36,"column":55},"end":{"line":44,"column":5}}},"8":{"name":"(anonymous_10)","decl":{"start":{"line":102,"column":4},"end":{"line":102,"column":9}},"loc":{"start":{"line":102,"column":10},"end":{"line":128,"column":5}}}},"branchMap":{"0":{"loc":{"start":{"line":54,"column":16},"end":{"line":56,"column":17}},"type":"if","locations":[{"start":{"line":54,"column":16},"end":{"line":56,"column":17}},{"start":{"line":54,"column":16},"end":{"line":56,"column":17}}]},"1":{"loc":{"start":{"line":87,"column":8},"end":{"line":89,"column":9}},"type":"if","locations":[{"start":{"line":87,"column":8},"end":{"line":89,"column":9}},{"start":{"line":87,"column":8},"end":{"line":89,"column":9}}]},"2":{"loc":{"start":{"line":95,"column":8},"end":{"line":97,"column":9}},"type":"if","locations":[{"start":{"line":95,"column":8},"end":{"line":97,"column":9}},{"start":{"line":95,"column":8},"end":{"line":97,"column":9}}]},"3":{"loc":{"start":{"line":95,"column":12},"end":{"line":95,"column":11}},"type":"binary-expr","locations":[{"start":{"line":95,"column":12},"end":{"line":95,"column":11}},{"start":{"line":95,"column":32},"end":{"line":95,"column":8}}]},"4":{"loc":{"start":{"line":96,"column":48},"end":{"line":96,"column":47}},"type":"binary-expr","locations":[{"start":{"line":96,"column":48},"end":{"line":96,"column":47}},{"start":{"line":96,"column":68},"end":{"line":96,"column":19}}]},"5":{"loc":{"start":{"line":37,"column":8},"end":{"line":41,"column":9}},"type":"if","locations":[{"start":{"line":37,"column":8},"end":{"line":41,"column":9}},{"start":{"line":37,"column":8},"end":{"line":41,"column":9}}]},"6":{"loc":{"start":{"line":111,"column":8},"end":{"line":113,"column":9}},"type":"if","locations":[{"start":{"line":111,"column":8},"end":{"line":113,"column":9}},{"start":{"line":111,"column":8},"end":{"line":113,"column":9}}]},"7":{"loc":{"start":{"line":115,"column":8},"end":{"line":117,"column":9}},"type":"if","locations":[{"start":{"line":115,"column":8},"end":{"line":117,"column":9}},{"start":{"line":115,"column":8},"end":{"line":117,"column":9}}]}},"s":{"0":0,"1":0,"2":0,"3":0,"4":0,"5":0,"6":0,"7":0,"8":0,"9":0,"10":0,"11":0,"12":0,"13":0,"14":0,"15":0,"16":0,"17":0,"18":0,"19":0,"20":0,"21":0,"22":0,"23":0,"24":0,"25":0,"26":0,"27":0,"28":0,"29":0,"30":0,"31":0,"32":0,"33":0,"34":0,"35":0,"36":0,"37":0,"38":0,"39":0,"40":0},"f":{"0":0,"1":0,"2":0,"3":0,"4":0,"5":0,"6":0,"7":0,"8":0},"b":{"0":[0,0],"1":[0,0],"2":[0,0],"3":[0,0],"4":[0,0],"5":[0,0],"6":[0,0],"7":[0,0]}}
,"/Users/lnked/web/react-starter.dev/src/components/dynamic-import/index.tsx": {"path":"/Users/lnked/web/react-starter.dev/src/components/dynamic-import/index.tsx","statementMap":{"0":{"start":{"line":1,"column":0},"end":{"line":1,"column":-1}},"1":{"start":{"line":13,"column":4},"end":{"line":null,"column":-1}},"2":{"start":{"line":17,"column":21},"end":{"line":null,"column":-1}},"3":{"start":{"line":18,"column":8},"end":{"line":null,"column":-1}},"4":{"start":{"line":19,"column":12},"end":{"line":null,"column":-1}},"5":{"start":{"line":19,"column":26},"end":{"line":null,"column":-1}},"6":{"start":{"line":26,"column":29},"end":{"line":26,"column":8}},"7":{"start":{"line":27,"column":30},"end":{"line":27,"column":8}},"8":{"start":{"line":29,"column":8},"end":{"line":null,"column":-1}},"9":{"start":{"line":12,"column":0},"end":{"line":null,"column":-1}}},"fnMap":{"0":{"name":"(anonymous_0)","decl":{"start":{"line":12,"column":0},"end":{"line":12,"column":-1}},"loc":{"start":{"line":12,"column":0},"end":{"line":31,"column":1}}},"1":{"name":"(anonymous_1)","decl":{"start":{"line":17,"column":4},"end":{"line":17,"column":20}},"loc":{"start":{"line":17,"column":21},"end":{"line":23,"column":5}}},"2":{"name":"(anonymous_2)","decl":{"start":{"line":18,"column":31},"end":{"line":18,"column":30}},"loc":{"start":{"line":18,"column":43},"end":{"line":18,"column":8}}},"3":{"name":"(anonymous_3)","decl":{"start":{"line":19,"column":26},"end":{"line":null,"column":-1}},"loc":{"start":{"line":19,"column":26},"end":{"line":19,"column":12}}},"4":{"name":"(anonymous_4)","decl":{"start":{"line":25,"column":4},"end":{"line":25,"column":9}},"loc":{"start":{"line":25,"column":10},"end":{"line":30,"column":5}}}},"branchMap":{"0":{"loc":{"start":{"line":20,"column":47},"end":{"line":20,"column":27}},"type":"cond-expr","locations":[{"start":{"line":20,"column":47},"end":{"line":20,"column":27}},{"start":{"line":20,"column":67},"end":{"line":null,"column":-1}}]},"1":{"loc":{"start":{"line":29,"column":15},"end":{"line":29,"column":23}},"type":"binary-expr","locations":[{"start":{"line":29,"column":15},"end":{"line":29,"column":23}},{"start":{"line":29,"column":27},"end":{"line":29,"column":8}}]}},"s":{"0":0,"1":0,"2":0,"3":0,"4":0,"5":0,"6":0,"7":0,"8":0,"9":0},"f":{"0":0,"1":0,"2":0,"3":0,"4":0},"b":{"0":[0,0],"1":[0,0]}}
,"/Users/lnked/web/react-starter.dev/src/components/error-boundary/index.tsx": {"path":"/Users/lnked/web/react-starter.dev/src/components/error-boundary/index.tsx","statementMap":{"0":{"start":{"line":1,"column":0},"end":{"line":1,"column":-1}},"1":{"start":{"line":12,"column":4},"end":{"line":null,"column":-1}},"2":{"start":{"line":17,"column":8},"end":{"line":null,"column":-1}},"3":{"start":{"line":18,"column":8},"end":{"line":null,"column":-1}},"4":{"start":{"line":22,"column":8},"end":{"line":24,"column":9}},"5":{"start":{"line":23,"column":12},"end":{"line":null,"column":-1}},"6":{"start":{"line":26,"column":8},"end":{"line":null,"column":-1}},"7":{"start":{"line":11,"column":0},"end":{"line":null,"column":-1}},"8":{"start":{"line":30,"column":0},"end":{"line":null,"column":-1}}},"fnMap":{"0":{"name":"(anonymous_0)","decl":{"start":{"line":11,"column":0},"end":{"line":11,"column":-1}},"loc":{"start":{"line":11,"column":0},"end":{"line":28,"column":1}}},"1":{"name":"(anonymous_1)","decl":{"start":{"line":16,"column":4},"end":{"line":16,"column":20}},"loc":{"start":{"line":16,"column":44},"end":{"line":19,"column":5}}},"2":{"name":"(anonymous_2)","decl":{"start":{"line":21,"column":4},"end":{"line":21,"column":9}},"loc":{"start":{"line":21,"column":10},"end":{"line":27,"column":5}}}},"branchMap":{"0":{"loc":{"start":{"line":22,"column":8},"end":{"line":24,"column":9}},"type":"if","locations":[{"start":{"line":22,"column":8},"end":{"line":24,"column":9}},{"start":{"line":22,"column":8},"end":{"line":24,"column":9}}]}},"s":{"0":0,"1":0,"2":0,"3":0,"4":0,"5":0,"6":0,"7":0,"8":0},"f":{"0":0,"1":0,"2":0},"b":{"0":[0,0]}}
,"/Users/lnked/web/react-starter.dev/src/components/fetching/index.tsx": {"path":"/Users/lnked/web/react-starter.dev/src/components/fetching/index.tsx","statementMap":{"0":{"start":{"line":1,"column":0},"end":{"line":1,"column":-1}},"1":{"start":{"line":2,"column":0},"end":{"line":2,"column":-1}},"2":{"start":{"line":4,"column":0},"end":{"line":4,"column":-1}},"3":{"start":{"line":11,"column":13},"end":{"line":null,"column":-1}},"4":{"start":{"line":12,"column":4},"end":{"line":null,"column":-1}}},"fnMap":{"0":{"name":"(anonymous_0)","decl":{"start":{"line":11,"column":24},"end":{"line":11,"column":24}},"loc":{"start":{"line":11,"column":60},"end":{"line":11,"column":13}}}},"branchMap":{"0":{"loc":{"start":{"line":11,"column":37},"end":{"line":11,"column":25}},"type":"default-arg","locations":[{"start":{"line":11,"column":37},"end":{"line":11,"column":25}}]},"1":{"loc":{"start":{"line":12,"column":49},"end":{"line":12,"column":46}},"type":"cond-expr","locations":[{"start":{"line":12,"column":49},"end":{"line":12,"column":46}},{"start":{"line":12,"column":63},"end":{"line":12,"column":11}}]}},"s":{"0":0,"1":0,"2":0,"3":0,"4":0},"f":{"0":0},"b":{"0":[0],"1":[0,0]}}
,"/Users/lnked/web/react-starter.dev/src/components/icon/index.tsx": {"path":"/Users/lnked/web/react-starter.dev/src/components/icon/index.tsx","statementMap":{"0":{"start":{"line":1,"column":0},"end":{"line":1,"column":-1}},"1":{"start":{"line":2,"column":0},"end":{"line":2,"column":-1}},"2":{"start":{"line":4,"column":0},"end":{"line":4,"column":-1}},"3":{"start":{"line":12,"column":11},"end":{"line":12,"column":0}},"4":{"start":{"line":21,"column":4},"end":{"line":null,"column":-1}},"5":{"start":{"line":24,"column":8},"end":{"line":null,"column":-1}},"6":{"start":{"line":28,"column":46},"end":{"line":28,"column":8}},"7":{"start":{"line":30,"column":8},"end":{"line":null,"column":-1}},"8":{"start":{"line":15,"column":11},"end":{"line":null,"column":-1}},"9":{"start":{"line":14,"column":0},"end":{"line":null,"column":-1}}},"fnMap":{"0":{"name":"(anonymous_0)","decl":{"start":{"line":14,"column":0},"end":{"line":14,"column":-1}},"loc":{"start":{"line":14,"column":0},"end":{"line":36,"column":1}}},"1":{"name":"(anonymous_1)","decl":{"start":{"line":23,"column":4},"end":{"line":23,"column":20}},"loc":{"start":{"line":23,"column":21},"end":{"line":25,"column":5}}},"2":{"name":"(anonymous_2)","decl":{"start":{"line":27,"column":4},"end":{"line":27,"column":9}},"loc":{"start":{"line":27,"column":10},"end":{"line":35,"column":5}}}},"branchMap":{},"s":{"0":0,"1":0,"2":0,"3":0,"4":0,"5":0,"6":0,"7":0,"8":0,"9":0},"f":{"0":0,"1":0,"2":0},"b":{}}
,"/Users/lnked/web/react-starter.dev/src/components/input/index.tsx": {"path":"/Users/lnked/web/react-starter.dev/src/components/input/index.tsx","statementMap":{"0":{"start":{"line":1,"column":0},"end":{"line":1,"column":-1}},"1":{"start":{"line":3,"column":0},"end":{"line":3,"column":-1}},"2":{"start":{"line":25,"column":4},"end":{"line":null,"column":-1}},"3":{"start":{"line":27,"column":4},"end":{"line":null,"column":-1}},"4":{"start":{"line":50,"column":4},"end":{"line":null,"column":-1}},"5":{"start":{"line":51,"column":38},"end":{"line":51,"column":8}},"6":{"start":{"line":53,"column":8},"end":{"line":57,"column":9}},"7":{"start":{"line":54,"column":12},"end":{"line":null,"column":-1}},"8":{"start":{"line":55,"column":15},"end":{"line":57,"column":9}},"9":{"start":{"line":56,"column":12},"end":{"line":null,"column":-1}},"10":{"start":{"line":59,"column":8},"end":{"line":null,"column":-1}},"11":{"start":{"line":62,"column":4},"end":{"line":null,"column":-1}},"12":{"start":{"line":63,"column":22},"end":{"line":63,"column":8}},"13":{"start":{"line":65,"column":8},"end":{"line":null,"column":-1}},"14":{"start":{"line":66,"column":12},"end":{"line":null,"column":-1}},"15":{"start":{"line":45,"column":8},"end":{"line":47,"column":9}},"16":{"start":{"line":46,"column":12},"end":{"line":null,"column":-1}},"17":{"start":{"line":74,"column":26},"end":{"line":74,"column":8}},"18":{"start":{"line":75,"column":26},"end":{"line":75,"column":8}},"19":{"start":{"line":77,"column":8},"end":{"line":null,"column":-1}},"20":{"start":{"line":18,"column":11},"end":{"line":null,"column":-1}},"21":{"start":{"line":17,"column":0},"end":{"line":null,"column":-1}}},"fnMap":{"0":{"name":"(anonymous_2)","decl":{"start":{"line":17,"column":0},"end":{"line":17,"column":-1}},"loc":{"start":{"line":17,"column":0},"end":{"line":79,"column":1}}},"1":{"name":"(anonymous_3)","decl":{"start":{"line":50,"column":15},"end":{"line":50,"column":15}},"loc":{"start":{"line":50,"column":33},"end":{"line":50,"column":4}}},"2":{"name":"(anonymous_4)","decl":{"start":{"line":62,"column":19},"end":{"line":62,"column":19}},"loc":{"start":{"line":62,"column":30},"end":{"line":62,"column":4}}},"3":{"name":"(anonymous_5)","decl":{"start":{"line":65,"column":22},"end":{"line":65,"column":22}},"loc":{"start":{"line":65,"column":35},"end":{"line":65,"column":8}}},"4":{"name":"(anonymous_6)","decl":{"start":{"line":44,"column":4},"end":{"line":44,"column":20}},"loc":{"start":{"line":44,"column":21},"end":{"line":48,"column":5}}},"5":{"name":"(anonymous_7)","decl":{"start":{"line":73,"column":4},"end":{"line":73,"column":9}},"loc":{"start":{"line":73,"column":10},"end":{"line":78,"column":5}}}},"branchMap":{"0":{"loc":{"start":{"line":53,"column":8},"end":{"line":57,"column":9}},"type":"if","locations":[{"start":{"line":53,"column":8},"end":{"line":57,"column":9}},{"start":{"line":53,"column":8},"end":{"line":57,"column":9}}]},"1":{"loc":{"start":{"line":55,"column":15},"end":{"line":57,"column":9}},"type":"if","locations":[{"start":{"line":55,"column":15},"end":{"line":57,"column":9}},{"start":{"line":55,"column":15},"end":{"line":57,"column":9}}]},"2":{"loc":{"start":{"line":45,"column":8},"end":{"line":47,"column":9}},"type":"if","locations":[{"start":{"line":45,"column":8},"end":{"line":47,"column":9}},{"start":{"line":45,"column":8},"end":{"line":47,"column":9}}]},"3":{"loc":{"start":{"line":45,"column":12},"end":{"line":45,"column":11}},"type":"binary-expr","locations":[{"start":{"line":45,"column":12},"end":{"line":45,"column":11}},{"start":{"line":45,"column":26},"end":{"line":45,"column":8}}]}},"s":{"0":0,"1":0,"2":0,"3":0,"4":0,"5":0,"6":0,"7":0,"8":0,"9":0,"10":0,"11":0,"12":0,"13":0,"14":0,"15":0,"16":0,"17":0,"18":0,"19":0,"20":0,"21":0},"f":{"0":0,"1":0,"2":0,"3":0,"4":0,"5":0},"b":{"0":[0,0],"1":[0,0],"2":[0,0],"3":[0,0]}}
,"/Users/lnked/web/react-starter.dev/src/components/input/present.tsx": {"path":"/Users/lnked/web/react-starter.dev/src/components/input/present.tsx","statementMap":{"0":{"start":{"line":1,"column":0},"end":{"line":1,"column":-1}},"1":{"start":{"line":2,"column":0},"end":{"line":2,"column":-1}},"2":{"start":{"line":16,"column":0},"end":{"line":16,"column":-1}},"3":{"start":{"line":25,"column":11},"end":{"line":25,"column":0}},"4":{"start":{"line":27,"column":13},"end":{"line":null,"column":-1}},"5":{"start":{"line":27,"column":23},"end":{"line":null,"column":-1}}},"fnMap":{"0":{"name":"(anonymous_0)","decl":{"start":{"line":27,"column":23},"end":{"line":27,"column":23}},"loc":{"start":{"line":27,"column":23},"end":{"line":27,"column":13}}}},"branchMap":{},"s":{"0":0,"1":0,"2":0,"3":0,"4":0,"5":0},"f":{"0":0},"b":{}}
,"/Users/lnked/web/react-starter.dev/src/components/label/index.tsx": {"path":"/Users/lnked/web/react-starter.dev/src/components/label/index.tsx","statementMap":{"0":{"start":{"line":1,"column":0},"end":{"line":1,"column":-1}},"1":{"start":{"line":3,"column":13},"end":{"line":null,"column":-1}},"2":{"start":{"line":3,"column":21},"end":{"line":null,"column":-1}}},"fnMap":{"0":{"name":"(anonymous_0)","decl":{"start":{"line":3,"column":21},"end":{"line":3,"column":21}},"loc":{"start":{"line":3,"column":21},"end":{"line":3,"column":13}}}},"branchMap":{},"s":{"0":0,"1":0,"2":0},"f":{"0":0},"b":{}}
,"/Users/lnked/web/react-starter.dev/src/components/link/index.tsx": {"path":"/Users/lnked/web/react-starter.dev/src/components/link/index.tsx","statementMap":{"0":{"start":{"line":1,"column":0},"end":{"line":1,"column":-1}},"1":{"start":{"line":2,"column":0},"end":{"line":2,"column":-1}},"2":{"start":{"line":4,"column":0},"end":{"line":4,"column":-1}},"3":{"start":{"line":12,"column":11},"end":{"line":12,"column":0}},"4":{"start":{"line":14,"column":13},"end":{"line":null,"column":-1}},"5":{"start":{"line":14,"column":20},"end":{"line":null,"column":-1}}},"fnMap":{"0":{"name":"(anonymous_3)","decl":{"start":{"line":14,"column":20},"end":{"line":null,"column":-1}},"loc":{"start":{"line":14,"column":20},"end":{"line":14,"column":13}}}},"branchMap":{"0":{"loc":{"start":{"line":14,"column":51},"end":{"line":null,"column":-1}},"type":"default-arg","locations":[{"start":{"line":14,"column":51},"end":{"line":null,"column":-1}}]}},"s":{"0":0,"1":0,"2":0,"3":0,"4":0,"5":0},"f":{"0":0},"b":{"0":[0]}}
,"/Users/lnked/web/react-starter.dev/src/components/loader/index.tsx": {"path":"/Users/lnked/web/react-starter.dev/src/components/loader/index.tsx","statementMap":{"0":{"start":{"line":1,"column":0},"end":{"line":1,"column":-1}},"1":{"start":{"line":2,"column":0},"end":{"line":2,"column":-1}},"2":{"start":{"line":4,"column":13},"end":{"line":null,"column":-1}},"3":{"start":{"line":5,"column":4},"end":{"line":null,"column":-1}}},"fnMap":{"0":{"name":"(anonymous_0)","decl":{"start":{"line":4,"column":22},"end":{"line":4,"column":26}},"loc":{"start":{"line":4,"column":27},"end":{"line":4,"column":13}}}},"branchMap":{},"s":{"0":0,"1":0,"2":0,"3":0},"f":{"0":0},"b":{}}
,"/Users/lnked/web/react-starter.dev/src/components/loading/index.tsx": {"path":"/Users/lnked/web/react-starter.dev/src/components/loading/index.tsx","statementMap":{"0":{"start":{"line":1,"column":0},"end":{"line":1,"column":-1}},"1":{"start":{"line":3,"column":0},"end":{"line":3,"column":-1}},"2":{"start":{"line":13,"column":13},"end":{"line":null,"column":-1}},"3":{"start":{"line":14,"column":4},"end":{"line":26,"column":5}},"4":{"start":{"line":15,"column":8},"end":{"line":null,"column":-1}},"5":{"start":{"line":16,"column":11},"end":{"line":26,"column":5}},"6":{"start":{"line":17,"column":8},"end":{"line":null,"column":-1}},"7":{"start":{"line":18,"column":11},"end":{"line":26,"column":5}},"8":{"start":{"line":19,"column":8},"end":{"line":null,"column":-1}},"9":{"start":{"line":20,"column":11},"end":{"line":26,"column":5}},"10":{"start":{"line":21,"column":8},"end":{"line":null,"column":-1}},"11":{"start":{"line":22,"column":11},"end":{"line":26,"column":5}},"12":{"start":{"line":23,"column":8},"end":{"line":null,"column":-1}},"13":{"start":{"line":25,"column":8},"end":{"line":null,"column":-1}}},"fnMap":{"0":{"name":"(anonymous_0)","decl":{"start":{"line":13,"column":23},"end":{"line":13,"column":23}},"loc":{"start":{"line":13,"column":88},"end":{"line":13,"column":13}}}},"branchMap":{"0":{"loc":{"start":{"line":14,"column":4},"end":{"line":26,"column":5}},"type":"if","locations":[{"start":{"line":14,"column":4},"end":{"line":26,"column":5}},{"start":{"line":14,"column":4},"end":{"line":26,"column":5}}]},"1":{"loc":{"start":{"line":16,"column":11},"end":{"line":26,"column":5}},"type":"if","locations":[{"start":{"line":16,"column":11},"end":{"line":26,"column":5}},{"start":{"line":16,"column":11},"end":{"line":26,"column":5}}]},"2":{"loc":{"start":{"line":18,"column":11},"end":{"line":26,"column":5}},"type":"if","locations":[{"start":{"line":18,"column":11},"end":{"line":26,"column":5}},{"start":{"line":18,"column":11},"end":{"line":26,"column":5}}]},"3":{"loc":{"start":{"line":20,"column":11},"end":{"line":26,"column":5}},"type":"if","locations":[{"start":{"line":20,"column":11},"end":{"line":26,"column":5}},{"start":{"line":20,"column":11},"end":{"line":26,"column":5}}]},"4":{"loc":{"start":{"line":22,"column":11},"end":{"line":26,"column":5}},"type":"if","locations":[{"start":{"line":22,"column":11},"end":{"line":26,"column":5}},{"start":{"line":22,"column":11},"end":{"line":26,"column":5}}]}},"s":{"0":0,"1":0,"2":0,"3":0,"4":0,"5":0,"6":0,"7":0,"8":0,"9":0,"10":0,"11":0,"12":0,"13":0},"f":{"0":0},"b":{"0":[0,0],"1":[0,0],"2":[0,0],"3":[0,0],"4":[0,0]}}
,"/Users/lnked/web/react-starter.dev/src/components/logo/index.tsx": {"path":"/Users/lnked/web/react-starter.dev/src/components/logo/index.tsx","statementMap":{"0":{"start":{"line":1,"column":0},"end":{"line":1,"column":-1}},"1":{"start":{"line":2,"column":0},"end":{"line":2,"column":-1}},"2":{"start":{"line":4,"column":0},"end":{"line":4,"column":-1}},"3":{"start":{"line":16,"column":25},"end":{"line":16,"column":8}},"4":{"start":{"line":18,"column":8},"end":{"line":null,"column":-1}},"5":{"start":{"line":11,"column":11},"end":{"line":null,"column":-1}},"6":{"start":{"line":10,"column":0},"end":{"line":null,"column":-1}}},"fnMap":{"0":{"name":"(anonymous_0)","decl":{"start":{"line":15,"column":4},"end":{"line":15,"column":9}},"loc":{"start":{"line":15,"column":10},"end":{"line":24,"column":5}}}},"branchMap":{},"s":{"0":0,"1":0,"2":0,"3":0,"4":0,"5":0,"6":0},"f":{"0":0},"b":{}}
,"/Users/lnked/web/react-starter.dev/src/components/notification/index.tsx": {"path":"/Users/lnked/web/react-starter.dev/src/components/notification/index.tsx","statementMap":{"0":{"start":{"line":1,"column":0},"end":{"line":1,"column":-1}},"1":{"start":{"line":2,"column":0},"end":{"line":2,"column":-1}},"2":{"start":{"line":8,"column":13},"end":{"line":null,"column":-1}},"3":{"start":{"line":23,"column":4},"end":{"line":null,"column":-1}},"4":{"start":{"line":26,"column":0},"end":{"line":null,"column":-1}}},"fnMap":{"0":{"name":"(anonymous_0)","decl":{"start":{"line":8,"column":28},"end":{"line":8,"column":28}},"loc":{"start":{"line":8,"column":48},"end":{"line":8,"column":13}}}},"branchMap":{},"s":{"0":0,"1":0,"2":0,"3":0,"4":0},"f":{"0":0},"b":{}}
,"/Users/lnked/web/react-starter.dev/src/components/picture/index.tsx": {"path":"/Users/lnked/web/react-starter.dev/src/components/picture/index.tsx","statementMap":{"0":{"start":{"line":1,"column":0},"end":{"line":1,"column":-1}},"1":{"start":{"line":2,"column":0},"end":{"line":2,"column":-1}},"2":{"start":{"line":4,"column":0},"end":{"line":4,"column":-1}},"3":{"start":{"line":16,"column":11},"end":{"line":16,"column":0}},"4":{"start":{"line":27,"column":4},"end":{"line":null,"column":-1}},"5":{"start":{"line":35,"column":4},"end":{"line":null,"column":-1}},"6":{"start":{"line":36,"column":20},"end":{"line":36,"column":8}},"7":{"start":{"line":38,"column":8},"end":{"line":null,"column":-1}},"8":{"start":{"line":38,"column":21},"end":{"line":null,"column":-1}},"9":{"start":{"line":40,"column":8},"end":{"line":null,"column":-1}},"10":{"start":{"line":32,"column":8},"end":{"line":null,"column":-1}},"11":{"start":{"line":44,"column":27},"end":{"line":44,"column":8}},"12":{"start":{"line":45,"column":64},"end":{"line":45,"column":8}},"13":{"start":{"line":63,"column":8},"end":{"line":null,"column":-1}},"14":{"start":{"line":19,"column":11},"end":{"line":null,"column":-1}},"15":{"start":{"line":18,"column":0},"end":{"line":null,"column":-1}}},"fnMap":{"0":{"name":"(anonymous_0)","decl":{"start":{"line":18,"column":0},"end":{"line":18,"column":-1}},"loc":{"start":{"line":18,"column":0},"end":{"line":83,"column":1}}},"1":{"name":"(anonymous_1)","decl":{"start":{"line":35,"column":11},"end":{"line":35,"column":15}},"loc":{"start":{"line":35,"column":16},"end":{"line":35,"column":4}}},"2":{"name":"(anonymous_2)","decl":{"start":{"line":38,"column":21},"end":{"line":null,"column":-1}},"loc":{"start":{"line":38,"column":21},"end":{"line":38,"column":8}}},"3":{"name":"(anonymous_3)","decl":{"start":{"line":31,"column":4},"end":{"line":31,"column":20}},"loc":{"start":{"line":31,"column":21},"end":{"line":33,"column":5}}},"4":{"name":"(anonymous_4)","decl":{"start":{"line":43,"column":4},"end":{"line":43,"column":9}},"loc":{"start":{"line":43,"column":10},"end":{"line":82,"column":5}}}},"branchMap":{"0":{"loc":{"start":{"line":65,"column":17},"end":{"line":65,"column":23}},"type":"binary-expr","locations":[{"start":{"line":65,"column":17},"end":{"line":65,"column":23}},{"start":{"line":65,"column":27},"end":{"line":64,"column":12}}]}},"s":{"0":0,"1":0,"2":0,"3":0,"4":0,"5":0,"6":0,"7":0,"8":0,"9":0,"10":0,"11":0,"12":0,"13":0,"14":0,"15":0},"f":{"0":0,"1":0,"2":0,"3":0,"4":0},"b":{"0":[0,0]}}
,"/Users/lnked/web/react-starter.dev/src/components/quantity/index.tsx": {"path":"/Users/lnked/web/react-starter.dev/src/components/quantity/index.tsx","statementMap":{"0":{"start":{"line":1,"column":0},"end":{"line":1,"column":-1}},"1":{"start":{"line":2,"column":0},"end":{"line":2,"column":-1}},"2":{"start":{"line":31,"column":4},"end":{"line":null,"column":-1}},"3":{"start":{"line":51,"column":4},"end":{"line":null,"column":-1}},"4":{"start":{"line":52,"column":29},"end":{"line":52,"column":8}},"5":{"start":{"line":54,"column":8},"end":{"line":56,"column":9}},"6":{"start":{"line":55,"column":12},"end":{"line":null,"column":-1}},"7":{"start":{"line":58,"column":8},"end":{"line":null,"column":-1}},"8":{"start":{"line":63,"column":4},"end":{"line":null,"column":-1}},"9":{"start":{"line":63,"column":18},"end":{"line":null,"column":-1}},"10":{"start":{"line":64,"column":26},"end":{"line":64,"column":8}},"11":{"start":{"line":65,"column":35},"end":{"line":65,"column":8}},"12":{"start":{"line":67,"column":8},"end":{"line":69,"column":9}},"13":{"start":{"line":68,"column":12},"end":{"line":null,"column":-1}},"14":{"start":{"line":72,"column":4},"end":{"line":null,"column":-1}},"15":{"start":{"line":73,"column":19},"end":{"line":73,"column":8}},"16":{"start":{"line":75,"column":8},"end":{"line":77,"column":9}},"17":{"start":{"line":76,"column":12},"end":{"line":null,"column":-1}},"18":{"start":{"line":36,"column":8},"end":{"line":41,"column":9}},"19":{"start":{"line":37,"column":12},"end":{"line":null,"column":-1}},"20":{"start":{"line":43,"column":8},"end":{"line":null,"column":-1}},"21":{"start":{"line":81,"column":26},"end":{"line":81,"column":8}},"22":{"start":{"line":82,"column":41},"end":{"line":82,"column":8}},"23":{"start":{"line":84,"column":30},"end":{"line":84,"column":8}},"24":{"start":{"line":85,"column":30},"end":{"line":85,"column":8}},"25":{"start":{"line":87,"column":8},"end":{"line":null,"column":-1}},"26":{"start":{"line":20,"column":11},"end":{"line":null,"column":-1}},"27":{"start":{"line":27,"column":12},"end":{"line":null,"column":-1}},"28":{"start":{"line":19,"column":0},"end":{"line":null,"column":-1}}},"fnMap":{"0":{"name":"(anonymous_2)","decl":{"start":{"line":19,"column":0},"end":{"line":19,"column":-1}},"loc":{"start":{"line":19,"column":0},"end":{"line":108,"column":1}}},"1":{"name":"(anonymous_3)","decl":{"start":{"line":51,"column":18},"end":{"line":51,"column":18}},"loc":{"start":{"line":51,"column":36},"end":{"line":51,"column":4}}},"2":{"name":"(anonymous_4)","decl":{"start":{"line":63,"column":18},"end":{"line":63,"column":18}},"loc":{"start":{"line":63,"column":18},"end":{"line":63,"column":4}}},"3":{"name":"(anonymous_5)","decl":{"start":{"line":63,"column":37},"end":{"line":63,"column":41}},"loc":{"start":{"line":63,"column":42},"end":{"line":63,"column":18}}},"4":{"name":"(anonymous_6)","decl":{"start":{"line":72,"column":19},"end":{"line":72,"column":19}},"loc":{"start":{"line":72,"column":30},"end":{"line":72,"column":4}}},"5":{"name":"(anonymous_7)","decl":{"start":{"line":35,"column":4},"end":{"line":35,"column":10}},"loc":{"start":{"line":35,"column":55},"end":{"line":44,"column":5}}},"6":{"name":"(anonymous_8)","decl":{"start":{"line":80,"column":4},"end":{"line":80,"column":9}},"loc":{"start":{"line":80,"column":10},"end":{"line":107,"column":5}}},"7":{"name":"(anonymous_9)","decl":{"start":{"line":26,"column":22},"end":{"line":26,"column":22}},"loc":{"start":{"line":26,"column":40},"end":{"line":28,"column":9}}}},"branchMap":{"0":{"loc":{"start":{"line":54,"column":8},"end":{"line":56,"column":9}},"type":"if","locations":[{"start":{"line":54,"column":8},"end":{"line":56,"column":9}},{"start":{"line":54,"column":8},"end":{"line":56,"column":9}}]},"1":{"loc":{"start":{"line":54,"column":12},"end":{"line":54,"column":11}},"type":"binary-expr","locations":[{"start":{"line":54,"column":12},"end":{"line":54,"column":11}},{"start":{"line":54,"column":27},"end":{"line":54,"column":8}}]},"2":{"loc":{"start":{"line":67,"column":8},"end":{"line":69,"column":9}},"type":"if","locations":[{"start":{"line":67,"column":8},"end":{"line":69,"column":9}},{"start":{"line":67,"column":8},"end":{"line":69,"column":9}}]},"3":{"loc":{"start":{"line":67,"column":13},"end":{"line":67,"column":12}},"type":"binary-expr","locations":[{"start":{"line":67,"column":13},"end":{"line":67,"column":12}},{"start":{"line":67,"column":26},"end":{"line":67,"column":12}},{"start":{"line":67,"column":43},"end":{"line":67,"column":42}},{"start":{"line":67,"column":56},"end":{"line":67,"column":8}}]},"4":{"loc":{"start":{"line":75,"column":8},"end":{"line":77,"column":9}},"type":"if","locations":[{"start":{"line":75,"column":8},"end":{"line":77,"column":9}},{"start":{"line":75,"column":8},"end":{"line":77,"column":9}}]},"5":{"loc":{"start":{"line":36,"column":8},"end":{"line":41,"column":9}},"type":"if","locations":[{"start":{"line":36,"column":8},"end":{"line":41,"column":9}},{"start":{"line":36,"column":8},"end":{"line":41,"column":9}}]}},"s":{"0":0,"1":0,"2":0,"3":0,"4":0,"5":0,"6":0,"7":0,"8":0,"9":0,"10":0,"11":0,"12":0,"13":0,"14":0,"15":0,"16":0,"17":0,"18":0,"19":0,"20":0,"21":0,"22":0,"23":0,"24":0,"25":0,"26":0,"27":0,"28":0},"f":{"0":0,"1":0,"2":0,"3":0,"4":0,"5":0,"6":0,"7":0},"b":{"0":[0,0],"1":[0,0],"2":[0,0],"3":[0,0,0,0],"4":[0,0],"5":[0,0]}}
,"/Users/lnked/web/react-starter.dev/src/components/quantity/present.tsx": {"path":"/Users/lnked/web/react-starter.dev/src/components/quantity/present.tsx","statementMap":{"0":{"start":{"line":1,"column":0},"end":{"line":1,"column":-1}},"1":{"start":{"line":2,"column":0},"end":{"line":2,"column":-1}},"2":{"start":{"line":3,"column":0},"end":{"line":3,"column":-1}},"3":{"start":{"line":9,"column":11},"end":{"line":9,"column":0}},"4":{"start":{"line":11,"column":13},"end":{"line":null,"column":-1}},"5":{"start":{"line":12,"column":4},"end":{"line":null,"column":-1}}},"fnMap":{"0":{"name":"(anonymous_0)","decl":{"start":{"line":11,"column":23},"end":{"line":11,"column":23}},"loc":{"start":{"line":11,"column":40},"end":{"line":11,"column":13}}}},"branchMap":{},"s":{"0":0,"1":0,"2":0,"3":0,"4":0,"5":0},"f":{"0":0},"b":{}}
,"/Users/lnked/web/react-starter.dev/src/components/radio/index.tsx": {"path":"/Users/lnked/web/react-starter.dev/src/components/radio/index.tsx","statementMap":{"0":{"start":{"line":1,"column":0},"end":{"line":1,"column":-1}},"1":{"start":{"line":2,"column":0},"end":{"line":2,"column":-1}},"2":{"start":{"line":29,"column":4},"end":{"line":null,"column":-1}},"3":{"start":{"line":43,"column":4},"end":{"line":null,"column":-1}},"4":{"start":{"line":44,"column":24},"end":{"line":44,"column":8}},"5":{"start":{"line":46,"column":8},"end":{"line":null,"column":-1}},"6":{"start":{"line":48,"column":16},"end":{"line":null,"column":-1}},"7":{"start":{"line":53,"column":16},"end":{"line":55,"column":17}},"8":{"start":{"line":54,"column":20},"end":{"line":null,"column":-1}},"9":{"start":{"line":34,"column":8},"end":{"line":38,"column":9}},"10":{"start":{"line":35,"column":12},"end":{"line":null,"column":-1}},"11":{"start":{"line":40,"column":8},"end":{"line":null,"column":-1}},"12":{"start":{"line":61,"column":28},"end":{"line":61,"column":8}},"13":{"start":{"line":62,"column":49},"end":{"line":62,"column":8}},"14":{"start":{"line":64,"column":19},"end":{"line":64,"column":8}},"15":{"start":{"line":66,"column":27},"end":{"line":66,"column":8}},"16":{"start":{"line":76,"column":8},"end":{"line":null,"column":-1}},"17":{"start":{"line":19,"column":11},"end":{"line":null,"column":-1}},"18":{"start":{"line":25,"column":12},"end":{"line":null,"column":-1}},"19":{"start":{"line":18,"column":0},"end":{"line":null,"column":-1}}},"fnMap":{"0":{"name":"(anonymous_2)","decl":{"start":{"line":18,"column":0},"end":{"line":18,"column":-1}},"loc":{"start":{"line":18,"column":0},"end":{"line":84,"column":1}}},"1":{"name":"(anonymous_3)","decl":{"start":{"line":43,"column":19},"end":{"line":43,"column":19}},"loc":{"start":{"line":43,"column":30},"end":{"line":43,"column":4}}},"2":{"name":"(anonymous_4)","decl":{"start":{"line":47,"column":12},"end":{"line":47,"column":12}},"loc":{"start":{"line":47,"column":25},"end":{"line":46,"column":8}}},"3":{"name":"(anonymous_5)","decl":{"start":{"line":52,"column":12},"end":{"line":52,"column":16}},"loc":{"start":{"line":52,"column":17},"end":{"line":46,"column":8}}},"4":{"name":"(anonymous_6)","decl":{"start":{"line":33,"column":4},"end":{"line":33,"column":10}},"loc":{"start":{"line":33,"column":55},"end":{"line":41,"column":5}}},"5":{"name":"(anonymous_7)","decl":{"start":{"line":60,"column":4},"end":{"line":60,"column":9}},"loc":{"start":{"line":60,"column":10},"end":{"line":83,"column":5}}},"6":{"name":"(anonymous_8)","decl":{"start":{"line":24,"column":22},"end":{"line":24,"column":22}},"loc":{"start":{"line":24,"column":59},"end":{"line":26,"column":9}}}},"branchMap":{"0":{"loc":{"start":{"line":53,"column":16},"end":{"line":55,"column":17}},"type":"if","locations":[{"start":{"line":53,"column":16},"end":{"line":55,"column":17}},{"start":{"line":53,"column":16},"end":{"line":55,"column":17}}]},"1":{"loc":{"start":{"line":34,"column":8},"end":{"line":38,"column":9}},"type":"if","locations":[{"start":{"line":34,"column":8},"end":{"line":38,"column":9}},{"start":{"line":34,"column":8},"end":{"line":38,"column":9}}]},"2":{"loc":{"start":{"line":80,"column":45},"end":{"line":80,"column":50}},"type":"binary-expr","locations":[{"start":{"line":80,"column":45},"end":{"line":80,"column":50}},{"start":{"line":80,"column":54},"end":{"line":80,"column":16}}]}},"s":{"0":0,"1":0,"2":0,"3":0,"4":0,"5":0,"6":0,"7":0,"8":0,"9":0,"10":0,"11":0,"12":0,"13":0,"14":0,"15":0,"16":0,"17":0,"18":0,"19":0},"f":{"0":0,"1":0,"2":0,"3":0,"4":0,"5":0,"6":0},"b":{"0":[0,0],"1":[0,0],"2":[0,0]}}
,"/Users/lnked/web/react-starter.dev/src/components/radio-group/index.tsx": {"path":"/Users/lnked/web/react-starter.dev/src/components/radio-group/index.tsx","statementMap":{"0":{"start":{"line":1,"column":0},"end":{"line":1,"column":-1}},"1":{"start":{"line":22,"column":4},"end":{"line":null,"column":-1}},"2":{"start":{"line":26,"column":4},"end":{"line":null,"column":-1}},"3":{"start":{"line":26,"column":19},"end":{"line":null,"column":-1}},"4":{"start":{"line":28,"column":10},"end":{"line":null,"column":-1}},"5":{"start":{"line":29,"column":28},"end":{"line":29,"column":8}},"6":{"start":{"line":30,"column":35},"end":{"line":30,"column":8}},"7":{"start":{"line":32,"column":27},"end":{"line":32,"column":8}},"8":{"start":{"line":32,"column":56},"end":{"line":null,"column":-1}},"9":{"start":{"line":40,"column":8},"end":{"line":null,"column":-1}},"10":{"start":{"line":15,"column":11},"end":{"line":null,"column":-1}},"11":{"start":{"line":18,"column":12},"end":{"line":null,"column":-1}},"12":{"start":{"line":14,"column":0},"end":{"line":null,"column":-1}}},"fnMap":{"0":{"name":"(anonymous_0)","decl":{"start":{"line":14,"column":0},"end":{"line":14,"column":-1}},"loc":{"start":{"line":14,"column":0},"end":{"line":42,"column":1}}},"1":{"name":"(anonymous_1)","decl":{"start":{"line":26,"column":19},"end":{"line":26,"column":19}},"loc":{"start":{"line":26,"column":19},"end":{"line":26,"column":4}}},"2":{"name":"(anonymous_2)","decl":{"start":{"line":28,"column":4},"end":{"line":28,"column":9}},"loc":{"start":{"line":28,"column":10},"end":{"line":41,"column":5}}},"3":{"name":"(anonymous_3)","decl":{"start":{"line":32,"column":56},"end":{"line":32,"column":56}},"loc":{"start":{"line":32,"column":56},"end":{"line":32,"column":27}}},"4":{"name":"(anonymous_4)","decl":{"start":{"line":17,"column":22},"end":{"line":17,"column":22}},"loc":{"start":{"line":17,"column":49},"end":{"line":19,"column":9}}}},"branchMap":{"0":{"loc":{"start":{"line":23,"column":17},"end":{"line":23,"column":16}},"type":"binary-expr","locations":[{"start":{"line":23,"column":17},"end":{"line":23,"column":16}},{"start":{"line":23,"column":39},"end":{"line":null,"column":-1}}]},"1":{"loc":{"start":{"line":35,"column":25},"end":{"line":35,"column":32}},"type":"binary-expr","locations":[{"start":{"line":35,"column":25},"end":{"line":35,"column":32}},{"start":{"line":35,"column":36},"end":{"line":33,"column":38}}]}},"s":{"0":0,"1":0,"2":0,"3":0,"4":0,"5":0,"6":0,"7":0,"8":0,"9":0,"10":0,"11":0,"12":0},"f":{"0":0,"1":0,"2":0,"3":0,"4":0},"b":{"0":[0,0],"1":[0,0]}}
,"/Users/lnked/web/react-starter.dev/src/components/sandwich/index.tsx": {"path":"/Users/lnked/web/react-starter.dev/src/components/sandwich/index.tsx","statementMap":{"0":{"start":{"line":1,"column":0},"end":{"line":1,"column":-1}},"1":{"start":{"line":2,"column":0},"end":{"line":2,"column":-1}},"2":{"start":{"line":17,"column":4},"end":{"line":null,"column":-1}},"3":{"start":{"line":31,"column":4},"end":{"line":null,"column":-1}},"4":{"start":{"line":32,"column":8},"end":{"line":null,"column":-1}},"5":{"start":{"line":33,"column":12},"end":{"line":null,"column":-1}},"6":{"start":{"line":22,"column":8},"end":{"line":26,"column":9}},"7":{"start":{"line":23,"column":12},"end":{"line":null,"column":-1}},"8":{"start":{"line":28,"column":8},"end":{"line":null,"column":-1}},"9":{"start":{"line":40,"column":29},"end":{"line":40,"column":8}},"10":{"start":{"line":42,"column":8},"end":{"line":null,"column":-1}},"11":{"start":{"line":13,"column":11},"end":{"line":null,"column":-1}},"12":{"start":{"line":12,"column":0},"end":{"line":null,"column":-1}}},"fnMap":{"0":{"name":"(anonymous_0)","decl":{"start":{"line":12,"column":0},"end":{"line":12,"column":-1}},"loc":{"start":{"line":12,"column":0},"end":{"line":48,"column":1}}},"1":{"name":"(anonymous_1)","decl":{"start":{"line":31,"column":19},"end":{"line":31,"column":23}},"loc":{"start":{"line":31,"column":24},"end":{"line":31,"column":4}}},"2":{"name":"(anonymous_2)","decl":{"start":{"line":32,"column":22},"end":{"line":32,"column":22}},"loc":{"start":{"line":32,"column":35},"end":{"line":32,"column":8}}},"3":{"name":"(anonymous_3)","decl":{"start":{"line":21,"column":4},"end":{"line":21,"column":10}},"loc":{"start":{"line":21,"column":55},"end":{"line":29,"column":5}}},"4":{"name":"(anonymous_4)","decl":{"start":{"line":39,"column":4},"end":{"line":39,"column":9}},"loc":{"start":{"line":39,"column":10},"end":{"line":47,"column":5}}}},"branchMap":{"0":{"loc":{"start":{"line":22,"column":8},"end":{"line":26,"column":9}},"type":"if","locations":[{"start":{"line":22,"column":8},"end":{"line":26,"column":9}},{"start":{"line":22,"column":8},"end":{"line":26,"column":9}}]},"1":{"loc":{"start":{"line":44,"column":45},"end":{"line":44,"column":33}},"type":"cond-expr","locations":[{"start":{"line":44,"column":45},"end":{"line":44,"column":33}},{"start":{"line":44,"column":64},"end":{"line":null,"column":-1}}]}},"s":{"0":0,"1":0,"2":0,"3":0,"4":0,"5":0,"6":0,"7":0,"8":0,"9":0,"10":0,"11":0,"12":0},"f":{"0":0,"1":0,"2":0,"3":0,"4":0},"b":{"0":[0,0],"1":[0,0]}}
,"/Users/lnked/web/react-starter.dev/src/components/spinner/index.tsx": {"path":"/Users/lnked/web/react-starter.dev/src/components/spinner/index.tsx","statementMap":{"0":{"start":{"line":1,"column":0},"end":{"line":1,"column":-1}},"1":{"start":{"line":2,"column":0},"end":{"line":2,"column":-1}},"2":{"start":{"line":3,"column":0},"end":{"line":3,"column":-1}},"3":{"start":{"line":9,"column":11},"end":{"line":9,"column":0}},"4":{"start":{"line":11,"column":13},"end":{"line":null,"column":-1}},"5":{"start":{"line":12,"column":4},"end":{"line":null,"column":-1}}},"fnMap":{"0":{"name":"(anonymous_0)","decl":{"start":{"line":11,"column":23},"end":{"line":11,"column":23}},"loc":{"start":{"line":11,"column":49},"end":{"line":11,"column":13}}}},"branchMap":{"0":{"loc":{"start":{"line":11,"column":38},"end":{"line":null,"column":-1}},"type":"default-arg","locations":[{"start":{"line":11,"column":38},"end":{"line":null,"column":-1}}]}},"s":{"0":0,"1":0,"2":0,"3":0,"4":0,"5":0},"f":{"0":0},"b":{"0":[0]}}
,"/Users/lnked/web/react-starter.dev/src/components/title/index.tsx": {"path":"/Users/lnked/web/react-starter.dev/src/components/title/index.tsx","statementMap":{"0":{"start":{"line":1,"column":0},"end":{"line":1,"column":-1}},"1":{"start":{"line":37,"column":56},"end":{"line":37,"column":8}},"2":{"start":{"line":37,"column":8},"end":{"line":null,"column":-1}},"3":{"start":{"line":39,"column":8},"end":{"line":null,"column":-1}},"4":{"start":{"line":29,"column":11},"end":{"line":null,"column":-1}},"5":{"start":{"line":28,"column":0},"end":{"line":null,"column":-1}}},"fnMap":{"0":{"name":"(anonymous_3)","decl":{"start":{"line":36,"column":4},"end":{"line":36,"column":9}},"loc":{"start":{"line":36,"column":10},"end":{"line":44,"column":5}}}},"branchMap":{"0":{"loc":{"start":{"line":41,"column":17},"end":{"line":41,"column":22}},"type":"binary-expr","locations":[{"start":{"line":41,"column":17},"end":{"line":41,"column":22}},{"start":{"line":41,"column":26},"end":{"line":40,"column":12}}]}},"s":{"0":0,"1":0,"2":0,"3":0,"4":0,"5":0},"f":{"0":0},"b":{"0":[0,0]}}
,"/Users/lnked/web/react-starter.dev/src/components/widget/index.tsx": {"path":"/Users/lnked/web/react-starter.dev/src/components/widget/index.tsx","statementMap":{"0":{"start":{"line":1,"column":0},"end":{"line":1,"column":-1}},"1":{"start":{"line":2,"column":0},"end":{"line":2,"column":-1}},"2":{"start":{"line":12,"column":29},"end":{"line":12,"column":8}},"3":{"start":{"line":13,"column":47},"end":{"line":13,"column":8}},"4":{"start":{"line":15,"column":8},"end":{"line":null,"column":-1}},"5":{"start":{"line":17,"column":8},"end":{"line":19,"column":9}},"6":{"start":{"line":18,"column":12},"end":{"line":null,"column":-1}},"7":{"start":{"line":21,"column":8},"end":{"line":null,"column":-1}},"8":{"start":{"line":10,"column":0},"end":{"line":null,"column":-1}}},"fnMap":{"0":{"name":"(anonymous_0)","decl":{"start":{"line":11,"column":4},"end":{"line":11,"column":9}},"loc":{"start":{"line":11,"column":10},"end":{"line":30,"column":5}}}},"branchMap":{"0":{"loc":{"start":{"line":17,"column":8},"end":{"line":19,"column":9}},"type":"if","locations":[{"start":{"line":17,"column":8},"end":{"line":19,"column":9}},{"start":{"line":17,"column":8},"end":{"line":19,"column":9}}]}},"s":{"0":0,"1":0,"2":0,"3":0,"4":0,"5":0,"6":0,"7":0,"8":0},"f":{"0":0},"b":{"0":[0,0]}}
,"/Users/lnked/web/react-starter.dev/src/fragments/index.ts": {"path":"/Users/lnked/web/react-starter.dev/src/fragments/index.ts","statementMap":{"0":{"start":{"line":1,"column":0},"end":{"line":null,"column":-1}},"1":{"start":{"line":2,"column":0},"end":{"line":null,"column":-1}},"2":{"start":{"line":3,"column":0},"end":{"line":null,"column":-1}},"3":{"start":{"line":4,"column":0},"end":{"line":null,"column":-1}},"4":{"start":{"line":5,"column":0},"end":{"line":null,"column":-1}}},"fnMap":{},"branchMap":{},"s":{"0":0,"1":0,"2":0,"3":0,"4":0},"f":{},"b":{}}
,"/Users/lnked/web/react-starter.dev/src/fragments/content/index.tsx": {"path":"/Users/lnked/web/react-starter.dev/src/fragments/content/index.tsx","statementMap":{"0":{"start":{"line":1,"column":0},"end":{"line":1,"column":-1}},"1":{"start":{"line":2,"column":0},"end":{"line":2,"column":-1}},"2":{"start":{"line":11,"column":29},"end":{"line":11,"column":8}},"3":{"start":{"line":12,"column":40},"end":{"line":12,"column":8}},"4":{"start":{"line":14,"column":8},"end":{"line":null,"column":-1}},"5":{"start":{"line":16,"column":8},"end":{"line":18,"column":9}},"6":{"start":{"line":17,"column":12},"end":{"line":null,"column":-1}},"7":{"start":{"line":20,"column":8},"end":{"line":null,"column":-1}},"8":{"start":{"line":9,"column":0},"end":{"line":null,"column":-1}},"9":{"start":{"line":24,"column":0},"end":{"line":null,"column":-1}}},"fnMap":{"0":{"name":"(anonymous_0)","decl":{"start":{"line":10,"column":4},"end":{"line":10,"column":9}},"loc":{"start":{"line":10,"column":10},"end":{"line":21,"column":5}}}},"branchMap":{"0":{"loc":{"start":{"line":16,"column":8},"end":{"line":18,"column":9}},"type":"if","locations":[{"start":{"line":16,"column":8},"end":{"line":18,"column":9}},{"start":{"line":16,"column":8},"end":{"line":18,"column":9}}]}},"s":{"0":0,"1":0,"2":0,"3":0,"4":0,"5":0,"6":0,"7":0,"8":0,"9":0},"f":{"0":0},"b":{"0":[0,0]}}
,"/Users/lnked/web/react-starter.dev/src/fragments/dialog/index.tsx": {"path":"/Users/lnked/web/react-starter.dev/src/fragments/dialog/index.tsx","statementMap":{"0":{"start":{"line":1,"column":0},"end":{"line":1,"column":-1}},"1":{"start":{"line":2,"column":0},"end":{"line":2,"column":-1}},"2":{"start":{"line":4,"column":0},"end":{"line":4,"column":-1}},"3":{"start":{"line":22,"column":27},"end":{"line":22,"column":8}},"4":{"start":{"line":23,"column":46},"end":{"line":23,"column":8}},"5":{"start":{"line":25,"column":8},"end":{"line":null,"column":-1}},"6":{"start":{"line":26,"column":8},"end":{"line":null,"column":-1}},"7":{"start":{"line":28,"column":8},"end":{"line":null,"column":-1}},"8":{"start":{"line":14,"column":11},"end":{"line":null,"column":-1}},"9":{"start":{"line":13,"column":0},"end":{"line":null,"column":-1}},"10":{"start":{"line":52,"column":0},"end":{"line":null,"column":-1}}},"fnMap":{"0":{"name":"(anonymous_2)","decl":{"start":{"line":21,"column":4},"end":{"line":21,"column":9}},"loc":{"start":{"line":21,"column":10},"end":{"line":49,"column":5}}}},"branchMap":{},"s":{"0":0,"1":0,"2":0,"3":0,"4":0,"5":0,"6":0,"7":0,"8":0,"9":0,"10":0},"f":{"0":0},"b":{}}
,"/Users/lnked/web/react-starter.dev/src/fragments/group/index.tsx": {"path":"/Users/lnked/web/react-starter.dev/src/fragments/group/index.tsx","statementMap":{"0":{"start":{"line":1,"column":0},"end":{"line":1,"column":-1}},"1":{"start":{"line":2,"column":0},"end":{"line":2,"column":-1}},"2":{"start":{"line":4,"column":0},"end":{"line":4,"column":-1}},"3":{"start":{"line":12,"column":11},"end":{"line":12,"column":0}},"4":{"start":{"line":14,"column":13},"end":{"line":null,"column":-1}},"5":{"start":{"line":15,"column":21},"end":{"line":15,"column":4}},"6":{"start":{"line":17,"column":18},"end":{"line":17,"column":4}},"7":{"start":{"line":18,"column":21},"end":{"line":18,"column":4}},"8":{"start":{"line":20,"column":4},"end":{"line":26,"column":5}},"9":{"start":{"line":21,"column":8},"end":{"line":null,"column":-1}},"10":{"start":{"line":22,"column":12},"end":{"line":null,"column":-1}},"11":{"start":{"line":28,"column":4},"end":{"line":null,"column":-1}}},"fnMap":{"0":{"name":"(anonymous_0)","decl":{"start":{"line":14,"column":21},"end":{"line":14,"column":21}},"loc":{"start":{"line":14,"column":77},"end":{"line":14,"column":13}}},"1":{"name":"(anonymous_1)","decl":{"start":{"line":21,"column":45},"end":{"line":21,"column":45}},"loc":{"start":{"line":21,"column":59},"end":{"line":21,"column":16}}}},"branchMap":{"0":{"loc":{"start":{"line":14,"column":31},"end":{"line":14,"column":22}},"type":"default-arg","locations":[{"start":{"line":14,"column":31},"end":{"line":14,"column":22}}]},"1":{"loc":{"start":{"line":14,"column":50},"end":{"line":14,"column":22}},"type":"default-arg","locations":[{"start":{"line":14,"column":50},"end":{"line":14,"column":22}}]},"2":{"loc":{"start":{"line":14,"column":66},"end":{"line":null,"column":-1}},"type":"default-arg","locations":[{"start":{"line":14,"column":66},"end":{"line":null,"column":-1}}]},"3":{"loc":{"start":{"line":17,"column":18},"end":{"line":17,"column":17}},"type":"binary-expr","locations":[{"start":{"line":17,"column":18},"end":{"line":17,"column":17}},{"start":{"line":17,"column":37},"end":{"line":17,"column":4}}]},"4":{"loc":{"start":{"line":20,"column":4},"end":{"line":26,"column":5}},"type":"if","locations":[{"start":{"line":20,"column":4},"end":{"line":26,"column":5}},{"start":{"line":20,"column":4},"end":{"line":26,"column":5}}]},"5":{"loc":{"start":{"line":20,"column":8},"end":{"line":20,"column":16}},"type":"binary-expr","locations":[{"start":{"line":20,"column":8},"end":{"line":20,"column":16}},{"start":{"line":20,"column":20},"end":{"line":20,"column":4}}]}},"s":{"0":0,"1":0,"2":0,"3":0,"4":0,"5":0,"6":0,"7":0,"8":0,"9":0,"10":0,"11":0},"f":{"0":0,"1":0},"b":{"0":[0],"1":[0],"2":[0],"3":[0,0],"4":[0,0],"5":[0,0]}}
,"/Users/lnked/web/react-starter.dev/src/fragments/header/index.tsx": {"path":"/Users/lnked/web/react-starter.dev/src/fragments/header/index.tsx","statementMap":{"0":{"start":{"line":1,"column":0},"end":{"line":1,"column":-1}},"1":{"start":{"line":2,"column":0},"end":{"line":2,"column":-1}},"2":{"start":{"line":4,"column":0},"end":{"line":4,"column":-1}},"3":{"start":{"line":6,"column":13},"end":{"line":null,"column":-1}},"4":{"start":{"line":7,"column":4},"end":{"line":null,"column":-1}}},"fnMap":{"0":{"name":"(anonymous_0)","decl":{"start":{"line":6,"column":22},"end":{"line":6,"column":26}},"loc":{"start":{"line":6,"column":27},"end":{"line":6,"column":13}}}},"branchMap":{},"s":{"0":0,"1":0,"2":0,"3":0,"4":0},"f":{"0":0},"b":{}}
,"/Users/lnked/web/react-starter.dev/src/fragments/layout/index.tsx": {"path":"/Users/lnked/web/react-starter.dev/src/fragments/layout/index.tsx","statementMap":{"0":{"start":{"line":1,"column":0},"end":{"line":1,"column":-1}},"1":{"start":{"line":2,"column":0},"end":{"line":2,"column":-1}},"2":{"start":{"line":3,"column":0},"end":{"line":3,"column":-1}},"3":{"start":{"line":10,"column":11},"end":{"line":10,"column":0}},"4":{"start":{"line":12,"column":13},"end":{"line":null,"column":-1}},"5":{"start":{"line":13,"column":4},"end":{"line":null,"column":-1}}},"fnMap":{"0":{"name":"(anonymous_0)","decl":{"start":{"line":12,"column":22},"end":{"line":12,"column":22}},"loc":{"start":{"line":12,"column":63},"end":{"line":12,"column":13}}}},"branchMap":{"0":{"loc":{"start":{"line":12,"column":36},"end":{"line":12,"column":23}},"type":"default-arg","locations":[{"start":{"line":12,"column":36},"end":{"line":12,"column":23}}]},"1":{"loc":{"start":{"line":12,"column":52},"end":{"line":null,"column":-1}},"type":"default-arg","locations":[{"start":{"line":12,"column":52},"end":{"line":null,"column":-1}}]}},"s":{"0":0,"1":0,"2":0,"3":0,"4":0,"5":0},"f":{"0":0},"b":{"0":[0],"1":[0]}}
,"/Users/lnked/web/react-starter.dev/src/fragments/locale/index.tsx": {"path":"/Users/lnked/web/react-starter.dev/src/fragments/locale/index.tsx","statementMap":{"0":{"start":{"line":1,"column":0},"end":{"line":1,"column":-1}},"1":{"start":{"line":2,"column":0},"end":{"line":2,"column":-1}},"2":{"start":{"line":4,"column":0},"end":{"line":4,"column":-1}},"3":{"start":{"line":6,"column":0},"end":{"line":6,"column":-1}},"4":{"start":{"line":13,"column":11},"end":{"line":13,"column":0}},"5":{"start":{"line":21,"column":4},"end":{"line":null,"column":-1}},"6":{"start":{"line":22,"column":33},"end":{"line":22,"column":8}},"7":{"start":{"line":24,"column":8},"end":{"line":26,"column":9}},"8":{"start":{"line":25,"column":12},"end":{"line":null,"column":-1}},"9":{"start":{"line":30,"column":31},"end":{"line":30,"column":8}},"10":{"start":{"line":32,"column":30},"end":{"line":32,"column":8}},"11":{"start":{"line":34,"column":8},"end":{"line":null,"column":-1}},"12":{"start":{"line":37,"column":29},"end":{"line":null,"column":-1}},"13":{"start":{"line":16,"column":11},"end":{"line":null,"column":-1}},"14":{"start":{"line":15,"column":0},"end":{"line":null,"column":-1}}},"fnMap":{"0":{"name":"(anonymous_0)","decl":{"start":{"line":15,"column":0},"end":{"line":15,"column":-1}},"loc":{"start":{"line":15,"column":0},"end":{"line":45,"column":1}}},"1":{"name":"(anonymous_1)","decl":{"start":{"line":21,"column":19},"end":{"line":21,"column":19}},"loc":{"start":{"line":21,"column":30},"end":{"line":21,"column":4}}},"2":{"name":"(anonymous_2)","decl":{"start":{"line":29,"column":4},"end":{"line":29,"column":9}},"loc":{"start":{"line":29,"column":10},"end":{"line":44,"column":5}}},"3":{"name":"(anonymous_3)","decl":{"start":{"line":37,"column":29},"end":{"line":37,"column":29}},"loc":{"start":{"line":37,"column":29},"end":{"line":37,"column":20}}}},"branchMap":{"0":{"loc":{"start":{"line":24,"column":8},"end":{"line":26,"column":9}},"type":"if","locations":[{"start":{"line":24,"column":8},"end":{"line":26,"column":9}},{"start":{"line":24,"column":8},"end":{"line":26,"column":9}}]},"1":{"loc":{"start":{"line":36,"column":17},"end":{"line":36,"column":21}},"type":"binary-expr","locations":[{"start":{"line":36,"column":17},"end":{"line":36,"column":21}},{"start":{"line":37,"column":20},"end":{"line":35,"column":12}}]}},"s":{"0":0,"1":0,"2":0,"3":0,"4":0,"5":0,"6":0,"7":0,"8":0,"9":0,"10":0,"11":0,"12":0,"13":0,"14":0},"f":{"0":0,"1":0,"2":0,"3":0},"b":{"0":[0,0],"1":[0,0]}}
,"/Users/lnked/web/react-starter.dev/src/fragments/navigation/index.tsx": {"path":"/Users/lnked/web/react-starter.dev/src/fragments/navigation/index.tsx","statementMap":{"0":{"start":{"line":1,"column":0},"end":{"line":1,"column":-1}},"1":{"start":{"line":2,"column":0},"end":{"line":2,"column":-1}},"2":{"start":{"line":4,"column":0},"end":{"line":4,"column":-1}},"3":{"start":{"line":13,"column":4},"end":{"line":null,"column":-1}},"4":{"start":{"line":17,"column":4},"end":{"line":null,"column":-1}},"5":{"start":{"line":17,"column":21},"end":{"line":null,"column":-1}},"6":{"start":{"line":19,"column":12},"end":{"line":null,"column":-1}},"7":{"start":{"line":25,"column":8},"end":{"line":null,"column":-1}},"8":{"start":{"line":12,"column":0},"end":{"line":null,"column":-1}}},"fnMap":{"0":{"name":"(anonymous_0)","decl":{"start":{"line":12,"column":0},"end":{"line":12,"column":-1}},"loc":{"start":{"line":12,"column":0},"end":{"line":48,"column":1}}},"1":{"name":"(anonymous_1)","decl":{"start":{"line":17,"column":21},"end":{"line":null,"column":-1}},"loc":{"start":{"line":17,"column":21},"end":{"line":17,"column":4}}},"2":{"name":"(anonymous_2)","decl":{"start":{"line":18,"column":22},"end":{"line":18,"column":22}},"loc":{"start":{"line":18,"column":35},"end":{"line":18,"column":8}}},"3":{"name":"(anonymous_3)","decl":{"start":{"line":24,"column":4},"end":{"line":24,"column":9}},"loc":{"start":{"line":24,"column":10},"end":{"line":47,"column":5}}}},"branchMap":{},"s":{"0":0,"1":0,"2":0,"3":0,"4":0,"5":0,"6":0,"7":0,"8":0},"f":{"0":0,"1":0,"2":0,"3":0},"b":{}}
,"/Users/lnked/web/react-starter.dev/src/helpers/api.ts": {"path":"/Users/lnked/web/react-starter.dev/src/helpers/api.ts","statementMap":{"0":{"start":{"line":1,"column":0},"end":{"line":1,"column":-1}},"1":{"start":{"line":2,"column":0},"end":{"line":2,"column":-1}},"2":{"start":{"line":4,"column":13},"end":{"line":null,"column":-1}},"3":{"start":{"line":6,"column":21},"end":{"line":6,"column":0}},"4":{"start":{"line":13,"column":13},"end":{"line":null,"column":-1}}},"fnMap":{},"branchMap":{},"s":{"0":0,"1":0,"2":0,"3":0,"4":0},"f":{},"b":{}}
,"/Users/lnked/web/react-starter.dev/src/helpers/classes.ts": {"path":"/Users/lnked/web/react-starter.dev/src/helpers/classes.ts","statementMap":{"0":{"start":{"line":6,"column":13},"end":{"line":null,"column":-1}},"1":{"start":{"line":8,"column":28},"end":{"line":8,"column":8}},"2":{"start":{"line":10,"column":8},"end":{"line":26,"column":9}},"3":{"start":{"line":11,"column":12},"end":{"line":null,"column":-1}},"4":{"start":{"line":12,"column":29},"end":{"line":12,"column":16}},"5":{"start":{"line":14,"column":29},"end":{"line":14,"column":16}},"6":{"start":{"line":16,"column":16},"end":{"line":24,"column":17}},"7":{"start":{"line":17,"column":20},"end":{"line":null,"column":-1}},"8":{"start":{"line":19,"column":20},"end":{"line":null,"column":-1}},"9":{"start":{"line":20,"column":24},"end":{"line":22,"column":25}},"10":{"start":{"line":21,"column":28},"end":{"line":null,"column":-1}},"11":{"start":{"line":28,"column":8},"end":{"line":null,"column":-1}},"12":{"start":{"line":28,"column":25},"end":{"line":null,"column":-1}},"13":{"start":{"line":32,"column":8},"end":{"line":null,"column":-1}}},"fnMap":{"0":{"name":"(anonymous_0)","decl":{"start":{"line":7,"column":12},"end":{"line":7,"column":12}},"loc":{"start":{"line":7,"column":44},"end":{"line":6,"column":26}}},"1":{"name":"(anonymous_1)","decl":{"start":{"line":11,"column":34},"end":{"line":11,"column":33}},"loc":{"start":{"line":11,"column":39},"end":{"line":11,"column":12}}},"2":{"name":"(anonymous_2)","decl":{"start":{"line":19,"column":42},"end":{"line":19,"column":41}},"loc":{"start":{"line":19,"column":49},"end":{"line":19,"column":20}}},"3":{"name":"(anonymous_3)","decl":{"start":{"line":28,"column":24},"end":{"line":28,"column":23}},"loc":{"start":{"line":28,"column":25},"end":{"line":28,"column":15}}},"4":{"name":"(anonymous_4)","decl":{"start":{"line":31,"column":10},"end":{"line":31,"column":9}},"loc":{"start":{"line":31,"column":16},"end":{"line":33,"column":5}}}},"branchMap":{"0":{"loc":{"start":{"line":10,"column":8},"end":{"line":26,"column":9}},"type":"if","locations":[{"start":{"line":10,"column":8},"end":{"line":26,"column":9}},{"start":{"line":10,"column":8},"end":{"line":26,"column":9}}]},"1":{"loc":{"start":{"line":12,"column":29},"end":{"line":12,"column":28}},"type":"binary-expr","locations":[{"start":{"line":12,"column":29},"end":{"line":12,"column":28}},{"start":{"line":12,"column":41},"end":{"line":12,"column":16}}]},"2":{"loc":{"start":{"line":16,"column":16},"end":{"line":24,"column":17}},"type":"if","locations":[{"start":{"line":16,"column":16},"end":{"line":24,"column":17}},{"start":{"line":16,"column":16},"end":{"line":24,"column":17}}]},"3":{"loc":{"start":{"line":20,"column":24},"end":{"line":22,"column":25}},"type":"if","locations":[{"start":{"line":20,"column":24},"end":{"line":22,"column":25}},{"start":{"line":20,"column":24},"end":{"line":22,"column":25}}]},"4":{"loc":{"start":{"line":20,"column":28},"end":{"line":20,"column":27}},"type":"binary-expr","locations":[{"start":{"line":20,"column":28},"end":{"line":20,"column":27}},{"start":{"line":20,"column":65},"end":{"line":20,"column":24}}]}},"s":{"0":0,"1":0,"2":0,"3":0,"4":0,"5":0,"6":0,"7":0,"8":0,"9":0,"10":0,"11":0,"12":0,"13":0},"f":{"0":0,"1":0,"2":0,"3":0,"4":0},"b":{"0":[0,0],"1":[0,0],"2":[0,0],"3":[0,0],"4":[0,0]}}
,"/Users/lnked/web/react-starter.dev/src/helpers/get.ts": {"path":"/Users/lnked/web/react-starter.dev/src/helpers/get.ts","statementMap":{"0":{"start":{"line":1,"column":13},"end":{"line":null,"column":-1}},"1":{"start":{"line":2,"column":4},"end":{"line":null,"column":-1}},"2":{"start":{"line":2,"column":23},"end":{"line":null,"column":-1}},"3":{"start":{"line":6,"column":18},"end":{"line":null,"column":-1}},"4":{"start":{"line":7,"column":19},"end":{"line":null,"column":-1}}},"fnMap":{"0":{"name":"(anonymous_2)","decl":{"start":{"line":1,"column":19},"end":{"line":1,"column":19}},"loc":{"start":{"line":1,"column":56},"end":{"line":1,"column":13}}},"1":{"name":"(anonymous_3)","decl":{"start":{"line":2,"column":23},"end":{"line":2,"column":23}},"loc":{"start":{"line":2,"column":23},"end":{"line":2,"column":11}}},"2":{"name":"(anonymous_4)","decl":{"start":{"line":6,"column":18},"end":{"line":6,"column":18}},"loc":{"start":{"line":6,"column":18},"end":{"line":3,"column":8}}},"3":{"name":"(anonymous_5)","decl":{"start":{"line":7,"column":19},"end":{"line":7,"column":19}},"loc":{"start":{"line":7,"column":19},"end":{"line":3,"column":8}}}},"branchMap":{"0":{"loc":{"start":{"line":1,"column":50},"end":{"line":1,"column":19}},"type":"default-arg","locations":[{"start":{"line":1,"column":50},"end":{"line":1,"column":19}}]}},"s":{"0":0,"1":0,"2":0,"3":0,"4":0},"f":{"0":0,"1":0,"2":0,"3":0},"b":{"0":[0]}}
,"/Users/lnked/web/react-starter.dev/src/helpers/index.ts": {"path":"/Users/lnked/web/react-starter.dev/src/helpers/index.ts","statementMap":{"0":{"start":{"line":2,"column":0},"end":{"line":null,"column":-1}},"1":{"start":{"line":3,"column":0},"end":{"line":null,"column":-1}},"2":{"start":{"line":4,"column":0},"end":{"line":null,"column":-1}},"3":{"start":{"line":5,"column":0},"end":{"line":null,"column":-1}},"4":{"start":{"line":6,"column":0},"end":{"line":null,"column":-1}},"5":{"start":{"line":7,"column":0},"end":{"line":null,"column":-1}},"6":{"start":{"line":8,"column":0},"end":{"line":null,"column":-1}},"7":{"start":{"line":9,"column":0},"end":{"line":null,"column":-1}},"8":{"start":{"line":10,"column":0},"end":{"line":null,"column":-1}},"9":{"start":{"line":11,"column":0},"end":{"line":null,"column":-1}},"10":{"start":{"line":12,"column":0},"end":{"line":null,"column":-1}},"11":{"start":{"line":13,"column":0},"end":{"line":null,"column":-1}},"12":{"start":{"line":14,"column":0},"end":{"line":null,"column":-1}},"13":{"start":{"line":15,"column":0},"end":{"line":null,"column":-1}},"14":{"start":{"line":16,"column":0},"end":{"line":null,"column":-1}},"15":{"start":{"line":17,"column":0},"end":{"line":null,"column":-1}},"16":{"start":{"line":18,"column":0},"end":{"line":null,"column":-1}},"17":{"start":{"line":19,"column":0},"end":{"line":null,"column":-1}},"18":{"start":{"line":20,"column":0},"end":{"line":null,"column":-1}},"19":{"start":{"line":21,"column":0},"end":{"line":null,"column":-1}}},"fnMap":{},"branchMap":{},"s":{"0":0,"1":0,"2":0,"3":0,"4":0,"5":0,"6":0,"7":0,"8":0,"9":0,"10":0,"11":0,"12":0,"13":0,"14":0,"15":0,"16":0,"17":0,"18":0,"19":0},"f":{},"b":{}}
,"/Users/lnked/web/react-starter.dev/src/helpers/request.ts": {"path":"/Users/lnked/web/react-starter.dev/src/helpers/request.ts","statementMap":{"0":{"start":{"line":1,"column":0},"end":{"line":1,"column":-1}},"1":{"start":{"line":3,"column":0},"end":{"line":3,"column":-1}},"2":{"start":{"line":5,"column":0},"end":{"line":5,"column":-1}},"3":{"start":{"line":7,"column":18},"end":{"line":7,"column":0}},"4":{"start":{"line":9,"column":21},"end":{"line":9,"column":0}},"5":{"start":{"line":14,"column":0},"end":{"line":16,"column":1}},"6":{"start":{"line":15,"column":4},"end":{"line":null,"column":-1}},"7":{"start":{"line":18,"column":13},"end":{"line":null,"column":-1}}},"fnMap":{},"branchMap":{"0":{"loc":{"start":{"line":14,"column":0},"end":{"line":16,"column":1}},"type":"if","locations":[{"start":{"line":14,"column":0},"end":{"line":16,"column":1}},{"start":{"line":14,"column":0},"end":{"line":16,"column":1}}]}},"s":{"0":0,"1":0,"2":0,"3":0,"4":0,"5":0,"6":0,"7":0},"f":{},"b":{"0":[0,0]}}
,"/Users/lnked/web/react-starter.dev/src/helpers/token.ts": {"path":"/Users/lnked/web/react-starter.dev/src/helpers/token.ts","statementMap":{"0":{"start":{"line":1,"column":0},"end":{"line":1,"column":-1}},"1":{"start":{"line":3,"column":13},"end":{"line":null,"column":-1}},"2":{"start":{"line":4,"column":9},"end":{"line":null,"column":-1}},"3":{"start":{"line":5,"column":9},"end":{"line":null,"column":-1}},"4":{"start":{"line":6,"column":9},"end":{"line":null,"column":-1}}},"fnMap":{"0":{"name":"(anonymous_0)","decl":{"start":{"line":4,"column":9},"end":{"line":4,"column":9}},"loc":{"start":{"line":4,"column":9},"end":{"line":3,"column":21}}},"1":{"name":"(anonymous_1)","decl":{"start":{"line":5,"column":9},"end":{"line":null,"column":-1}},"loc":{"start":{"line":5,"column":9},"end":{"line":3,"column":21}}},"2":{"name":"(anonymous_2)","decl":{"start":{"line":6,"column":9},"end":{"line":null,"column":-1}},"loc":{"start":{"line":6,"column":9},"end":{"line":null,"column":-1}}}},"branchMap":{},"s":{"0":0,"1":0,"2":0,"3":0,"4":0},"f":{"0":0,"1":0,"2":0},"b":{}}
,"/Users/lnked/web/react-starter.dev/src/helpers/predicts/comparison.ts": {"path":"/Users/lnked/web/react-starter.dev/src/helpers/predicts/comparison.ts","statementMap":{"0":{"start":{"line":2,"column":13},"end":{"line":null,"column":-1}},"1":{"start":{"line":2,"column":23},"end":{"line":null,"column":-1}},"2":{"start":{"line":3,"column":52},"end":{"line":null,"column":-1}}},"fnMap":{"0":{"name":"(anonymous_0)","decl":{"start":{"line":2,"column":23},"end":{"line":2,"column":23}},"loc":{"start":{"line":2,"column":23},"end":{"line":2,"column":13}}},"1":{"name":"(anonymous_1)","decl":{"start":{"line":3,"column":52},"end":{"line":3,"column":52}},"loc":{"start":{"line":3,"column":52},"end":{"line":3,"column":43}}}},"branchMap":{"0":{"loc":{"start":{"line":3,"column":4},"end":{"line":3,"column":6}},"type":"binary-expr","locations":[{"start":{"line":3,"column":4},"end":{"line":3,"column":6}},{"start":{"line":3,"column":10},"end":{"line":3,"column":4}},{"start":{"line":3,"column":16},"end":{"line":3,"column":4}},{"start":{"line":3,"column":43},"end":{"line":2,"column":23}}]}},"s":{"0":0,"1":0,"2":0},"f":{"0":0,"1":0},"b":{"0":[0,0,0,0]}}
[...]
,"/Users/lnked/web/react-starter.dev/src/pages/main-page/main.route.ts": {"path":"/Users/lnked/web/react-starter.dev/src/pages/main-page/main.route.ts","statementMap":{"0":{"start":{"line":4,"column":0},"end":{"line":4,"column":-1}},"1":{"start":{"line":6,"column":13},"end":{"line":null,"column":-1}},"2":{"start":{"line":6,"column":38},"end":{"line":null,"column":-1}},"3":{"start":{"line":6,"column":43},"end":{"line":null,"column":-1}},"4":{"start":{"line":10,"column":23},"end":{"line":10,"column":0}},"5":{"start":{"line":12,"column":13},"end":{"line":null,"column":-1}}},"fnMap":{"0":{"name":"(anonymous_0)","decl":{"start":{"line":6,"column":38},"end":{"line":null,"column":-1}},"loc":{"start":{"line":6,"column":38},"end":{"line":6,"column":24}}},"1":{"name":"(anonymous_1)","decl":{"start":{"line":6,"column":43},"end":{"line":null,"column":-1}},"loc":{"start":{"line":6,"column":43},"end":{"line":6,"column":42}}}},"branchMap":{},"s":{"0":0,"1":0,"2":0,"3":0,"4":0,"5":0},"f":{"0":0,"1":0},"b":{}}
,"/Users/lnked/web/react-starter.dev/src/pages/nomatch-page/index.tsx": {"path":"/Users/lnked/web/react-starter.dev/src/pages/nomatch-page/index.tsx","statementMap":{"0":{"start":{"line":1,"column":0},"end":{"line":1,"column":-1}},"1":{"start":{"line":2,"column":0},"end":{"line":2,"column":-1}},"2":{"start":{"line":4,"column":0},"end":{"line":4,"column":-1}},"3":{"start":{"line":12,"column":11},"end":{"line":12,"column":0}},"4":{"start":{"line":14,"column":13},"end":{"line":null,"column":-1}},"5":{"start":{"line":15,"column":4},"end":{"line":null,"column":-1}},"6":{"start":{"line":17,"column":4},"end":{"line":null,"column":-1}},"7":{"start":{"line":33,"column":0},"end":{"line":null,"column":-1}}},"fnMap":{"0":{"name":"(anonymous_0)","decl":{"start":{"line":14,"column":27},"end":{"line":14,"column":27}},"loc":{"start":{"line":14,"column":47},"end":{"line":14,"column":13}}}},"branchMap":{},"s":{"0":0,"1":0,"2":0,"3":0,"4":0,"5":0,"6":0,"7":0},"f":{"0":0},"b":{}}
,"/Users/lnked/web/react-starter.dev/src/pages/nomatch-page/nomatch.route.ts": {"path":"/Users/lnked/web/react-starter.dev/src/pages/nomatch-page/nomatch.route.ts","statementMap":{"0":{"start":{"line":4,"column":0},"end":{"line":4,"column":-1}},"1":{"start":{"line":6,"column":13},"end":{"line":null,"column":-1}},"2":{"start":{"line":6,"column":37},"end":{"line":null,"column":-1}},"3":{"start":{"line":6,"column":42},"end":{"line":null,"column":-1}},"4":{"start":{"line":10,"column":13},"end":{"line":null,"column":-1}}},"fnMap":{"0":{"name":"(anonymous_0)","decl":{"start":{"line":6,"column":37},"end":{"line":null,"column":-1}},"loc":{"start":{"line":6,"column":37},"end":{"line":6,"column":23}}},"1":{"name":"(anonymous_1)","decl":{"start":{"line":6,"column":42},"end":{"line":null,"column":-1}},"loc":{"start":{"line":6,"column":42},"end":{"line":6,"column":41}}}},"branchMap":{},"s":{"0":0,"1":0,"2":0,"3":0,"4":0},"f":{"0":0,"1":0},"b":{}}
,"/Users/lnked/web/react-starter.dev/src/settings/constants.ts": {"path":"/Users/lnked/web/react-starter.dev/src/settings/constants.ts","statementMap":{"0":{"start":{"line":1,"column":13},"end":{"line":null,"column":-1}},"1":{"start":{"line":2,"column":13},"end":{"line":null,"column":-1}},"2":{"start":{"line":3,"column":13},"end":{"line":null,"column":-1}}},"fnMap":{},"branchMap":{},"s":{"0":0,"1":0,"2":0},"f":{},"b":{}}
,"/Users/lnked/web/react-starter.dev/src/settings/firebase.ts": {"path":"/Users/lnked/web/react-starter.dev/src/settings/firebase.ts","statementMap":{"0":{"start":{"line":1,"column":0},"end":{"line":1,"column":-1}},"1":{"start":{"line":3,"column":13},"end":{"line":null,"column":-1}},"2":{"start":{"line":4,"column":13},"end":{"line":null,"column":-1}},"3":{"start":{"line":5,"column":13},"end":{"line":null,"column":-1}},"4":{"start":{"line":6,"column":13},"end":{"line":null,"column":-1}},"5":{"start":{"line":7,"column":13},"end":{"line":null,"column":-1}},"6":{"start":{"line":8,"column":13},"end":{"line":null,"column":-1}},"7":{"start":{"line":10,"column":15},"end":{"line":10,"column":0}},"8":{"start":{"line":19,"column":0},"end":{"line":null,"column":-1}}},"fnMap":{},"branchMap":{},"s":{"0":0,"1":0,"2":0,"3":0,"4":0,"5":0,"6":0,"7":0,"8":0},"f":{},"b":{}}
,"/Users/lnked/web/react-starter.dev/src/settings/routes.ts": {"path":"/Users/lnked/web/react-starter.dev/src/settings/routes.ts","statementMap":{"0":{"start":{"line":8,"column":0},"end":{"line":8,"column":-1}},"1":{"start":{"line":10,"column":13},"end":{"line":null,"column":-1}},"2":{"start":{"line":11,"column":4},"end":{"line":null,"column":-1}},"3":{"start":{"line":11,"column":9},"end":{"line":null,"column":-1}},"4":{"start":{"line":14,"column":13},"end":{"line":null,"column":-1}},"5":{"start":{"line":15,"column":4},"end":{"line":null,"column":-1}},"6":{"start":{"line":15,"column":9},"end":{"line":null,"column":-1}},"7":{"start":{"line":18,"column":13},"end":{"line":null,"column":-1}},"8":{"start":{"line":19,"column":4},"end":{"line":null,"column":-1}},"9":{"start":{"line":19,"column":9},"end":{"line":null,"column":-1}},"10":{"start":{"line":22,"column":23},"end":{"line":22,"column":0}},"11":{"start":{"line":24,"column":13},"end":{"line":null,"column":-1}}},"fnMap":{"0":{"name":"(anonymous_0)","decl":{"start":{"line":11,"column":4},"end":{"line":null,"column":-1}},"loc":{"start":{"line":11,"column":4},"end":{"line":10,"column":24}}},"1":{"name":"(anonymous_1)","decl":{"start":{"line":11,"column":9},"end":{"line":null,"column":-1}},"loc":{"start":{"line":11,"column":9},"end":{"line":11,"column":8}}},"2":{"name":"(anonymous_2)","decl":{"start":{"line":15,"column":4},"end":{"line":null,"column":-1}},"loc":{"start":{"line":15,"column":4},"end":{"line":14,"column":27}}},"3":{"name":"(anonymous_3)","decl":{"start":{"line":15,"column":9},"end":{"line":null,"column":-1}},"loc":{"start":{"line":15,"column":9},"end":{"line":15,"column":8}}},"4":{"name":"(anonymous_4)","decl":{"start":{"line":19,"column":4},"end":{"line":null,"column":-1}},"loc":{"start":{"line":19,"column":4},"end":{"line":18,"column":27}}},"5":{"name":"(anonymous_5)","decl":{"start":{"line":19,"column":9},"end":{"line":null,"column":-1}},"loc":{"start":{"line":19,"column":9},"end":{"line":19,"column":8}}}},"branchMap":{},"s":{"0":0,"1":0,"2":0,"3":0,"4":0,"5":0,"6":0,"7":0,"8":0,"9":0,"10":0,"11":0},"f":{"0":0,"1":0,"2":0,"3":0,"4":0,"5":0},"b":{}}
,"/Users/lnked/web/react-starter.dev/src/settings/variables.ts": {"path":"/Users/lnked/web/react-starter.dev/src/settings/variables.ts","statementMap":{"0":{"start":{"line":1,"column":13},"end":{"line":null,"column":-1}}},"fnMap":{},"branchMap":{},"s":{"0":0},"f":{},"b":{}}
,"/Users/lnked/web/react-starter.dev/src/store/app-store.ts": {"path":"/Users/lnked/web/react-starter.dev/src/store/app-store.ts","statementMap":{"0":{"start":{"line":1,"column":0},"end":{"line":1,"column":-1}},"1":{"start":{"line":17,"column":35},"end":{"line":null,"column":-1}},"2":{"start":{"line":15,"column":4},"end":{"line":null,"column":-1}},"3":{"start":{"line":35,"column":4},"end":{"line":null,"column":-1}},"4":{"start":{"line":36,"column":8},"end":{"line":null,"column":-1}},"5":{"start":{"line":20,"column":8},"end":{"line":23,"column":9}},"6":{"start":{"line":22,"column":12},"end":{"line":null,"column":-1}},"7":{"start":{"line":4,"column":11},"end":{"line":null,"column":-1}},"8":{"start":{"line":3,"column":0},"end":{"line":null,"column":-1}},"9":{"start":{"line":40,"column":0},"end":{"line":null,"column":-1}}},"fnMap":{"0":{"name":"(anonymous_0)","decl":{"start":{"line":17,"column":4},"end":{"line":17,"column":3}},"loc":{"start":{"line":17,"column":35},"end":{"line":24,"column":5}}},"1":{"name":"(anonymous_1)","decl":{"start":{"line":35,"column":15},"end":{"line":35,"column":15}},"loc":{"start":{"line":35,"column":33},"end":{"line":35,"column":4}}}},"branchMap":{"0":{"loc":{"start":{"line":20,"column":8},"end":{"line":23,"column":9}},"type":"if","locations":[{"start":{"line":20,"column":8},"end":{"line":23,"column":9}},{"start":{"line":20,"column":8},"end":{"line":23,"column":9}}]},"1":{"loc":{"start":{"line":20,"column":12},"end":{"line":20,"column":24}},"type":"binary-expr","locations":[{"start":{"line":20,"column":12},"end":{"line":20,"column":24}},{"start":{"line":20,"column":28},"end":{"line":20,"column":8}}]}},"s":{"0":0,"1":0,"2":0,"3":0,"4":0,"5":0,"6":0,"7":0,"8":0,"9":0},"f":{"0":0,"1":0},"b":{"0":[0,0],"1":[0,0]}}
,"/Users/lnked/web/react-starter.dev/src/store/create-store.ts": {"path":"/Users/lnked/web/react-starter.dev/src/store/create-store.ts","statementMap":{"0":{"start":{"line":3,"column":0},"end":{"line":3,"column":-1}},"1":{"start":{"line":5,"column":0},"end":{"line":5,"column":-1}},"2":{"start":{"line":7,"column":0},"end":{"line":7,"column":-1}},"3":{"start":{"line":9,"column":0},"end":{"line":null,"column":-1}},"4":{"start":{"line":13,"column":13},"end":{"line":null,"column":-1}},"5":{"start":{"line":14,"column":4},"end":{"line":null,"column":-1}},"6":{"start":{"line":15,"column":20},"end":{"line":15,"column":4}},"7":{"start":{"line":16,"column":21},"end":{"line":16,"column":4}},"8":{"start":{"line":17,"column":24},"end":{"line":17,"column":4}},"9":{"start":{"line":19,"column":4},"end":{"line":null,"column":-1}}},"fnMap":{"0":{"name":"(anonymous_0)","decl":{"start":{"line":13,"column":27},"end":{"line":13,"column":27}},"loc":{"start":{"line":13,"column":70},"end":{"line":13,"column":13}}}},"branchMap":{},"s":{"0":0,"1":0,"2":0,"3":0,"4":0,"5":0,"6":0,"7":0,"8":0,"9":0},"f":{"0":0},"b":{}}
,"/Users/lnked/web/react-starter.dev/src/store/index.ts": {"path":"/Users/lnked/web/react-starter.dev/src/store/index.ts","statementMap":{"0":{"start":{"line":1,"column":0},"end":{"line":null,"column":-1}},"1":{"start":{"line":2,"column":0},"end":{"line":null,"column":-1}},"2":{"start":{"line":3,"column":0},"end":{"line":null,"column":-1}},"3":{"start":{"line":4,"column":0},"end":{"line":null,"column":-1}}},"fnMap":{},"branchMap":{},"s":{"0":0,"1":0,"2":0,"3":0},"f":{},"b":{}}
,"/Users/lnked/web/react-starter.dev/src/store/router-store.ts": {"path":"/Users/lnked/web/react-starter.dev/src/store/router-store.ts","statementMap":{"0":{"start":{"line":3,"column":0},"end":{"line":3,"column":-1}},"1":{"start":{"line":5,"column":0},"end":{"line":5,"column":-1}},"2":{"start":{"line":12,"column":8},"end":{"line":null,"column":-1}},"3":{"start":{"line":9,"column":4},"end":{"line":null,"column":-1}},"4":{"start":{"line":14,"column":8},"end":{"line":16,"column":9}},"5":{"start":{"line":15,"column":12},"end":{"line":null,"column":-1}},"6":{"start":{"line":7,"column":0},"end":{"line":null,"column":-1}},"7":{"start":{"line":20,"column":0},"end":{"line":null,"column":-1}}},"fnMap":{"0":{"name":"(anonymous_0)","decl":{"start":{"line":11,"column":4},"end":{"line":11,"column":3}},"loc":{"start":{"line":11,"column":34},"end":{"line":17,"column":5}}}},"branchMap":{"0":{"loc":{"start":{"line":14,"column":8},"end":{"line":16,"column":9}},"type":"if","locations":[{"start":{"line":14,"column":8},"end":{"line":16,"column":9}},{"start":{"line":14,"column":8},"end":{"line":16,"column":9}}]}},"s":{"0":0,"1":0,"2":0,"3":0,"4":0,"5":0,"6":0,"7":0},"f":{"0":0},"b":{"0":[0,0]}}
,"/Users/lnked/web/react-starter.dev/src/store/students.ts": {"path":"/Users/lnked/web/react-starter.dev/src/store/students.ts","statementMap":{"0":{"start":{"line":1,"column":0},"end":{"line":1,"column":-1}},"1":{"start":{"line":13,"column":14},"end":{"line":13,"column":0}},"2":{"start":{"line":19,"column":8},"end":{"line":23,"column":9}},"3":{"start":{"line":20,"column":12},"end":{"line":null,"column":-1}},"4":{"start":{"line":22,"column":12},"end":{"line":null,"column":-1}},"5":{"start":{"line":27,"column":8},"end":{"line":null,"column":-1}},"6":{"start":{"line":31,"column":8},"end":{"line":null,"column":-1}},"7":{"start":{"line":35,"column":8},"end":{"line":39,"column":9}},"8":{"start":{"line":36,"column":12},"end":{"line":null,"column":-1}},"9":{"start":{"line":38,"column":12},"end":{"line":null,"column":-1}},"10":{"start":{"line":43,"column":8},"end":{"line":null,"column":-1}},"11":{"start":{"line":47,"column":8},"end":{"line":null,"column":-1}},"12":{"start":{"line":51,"column":8},"end":{"line":56,"column":9}},"13":{"start":{"line":52,"column":12},"end":{"line":null,"column":-1}},"14":{"start":{"line":53,"column":12},"end":{"line":null,"column":-1}},"15":{"start":{"line":54,"column":15},"end":{"line":56,"column":9}},"16":{"start":{"line":55,"column":12},"end":{"line":null,"column":-1}},"17":{"start":{"line":60,"column":8},"end":{"line":null,"column":-1}},"18":{"start":{"line":63,"column":37},"end":{"line":null,"column":-1}},"19":{"start":{"line":64,"column":8},"end":{"line":null,"column":-1}},"20":{"start":{"line":64,"column":24},"end":{"line":null,"column":-1}},"21":{"start":{"line":64,"column":64},"end":{"line":null,"column":-1}},"22":{"start":{"line":68,"column":0},"end":{"line":null,"column":-1}}},"fnMap":{"0":{"name":"(anonymous_0)","decl":{"start":{"line":64,"column":24},"end":{"line":null,"column":-1}},"loc":{"start":{"line":64,"column":24},"end":{"line":64,"column":15}}},"1":{"name":"(anonymous_1)","decl":{"start":{"line":64,"column":64},"end":{"line":64,"column":64}},"loc":{"start":{"line":64,"column":64},"end":{"line":64,"column":30}}}},"branchMap":{"0":{"loc":{"start":{"line":19,"column":8},"end":{"line":23,"column":9}},"type":"if","locations":[{"start":{"line":19,"column":8},"end":{"line":23,"column":9}},{"start":{"line":19,"column":8},"end":{"line":23,"column":9}}]},"1":{"loc":{"start":{"line":35,"column":8},"end":{"line":39,"column":9}},"type":"if","locations":[{"start":{"line":35,"column":8},"end":{"line":39,"column":9}},{"start":{"line":35,"column":8},"end":{"line":39,"column":9}}]},"2":{"loc":{"start":{"line":51,"column":8},"end":{"line":56,"column":9}},"type":"if","locations":[{"start":{"line":51,"column":8},"end":{"line":56,"column":9}},{"start":{"line":51,"column":8},"end":{"line":56,"column":9}}]},"3":{"loc":{"start":{"line":54,"column":15},"end":{"line":56,"column":9}},"type":"if","locations":[{"start":{"line":54,"column":15},"end":{"line":56,"column":9}},{"start":{"line":54,"column":15},"end":{"line":56,"column":9}}]}},"s":{"0":0,"1":0,"2":0,"3":0,"4":0,"5":0,"6":0,"7":0,"8":0,"9":0,"10":0,"11":0,"12":0,"13":0,"14":0,"15":0,"16":0,"17":0,"18":0,"19":0,"20":0,"21":0,"22":0},"f":{"0":0,"1":0},"b":{"0":[0,0],"1":[0,0],"2":[0,0],"3":[0,0]}}
,"/Users/lnked/web/react-starter.dev/src/store/ui-store.ts": {"path":"/Users/lnked/web/react-starter.dev/src/store/ui-store.ts","statementMap":{"0":{"start":{"line":1,"column":0},"end":{"line":1,"column":-1}},"1":{"start":{"line":5,"column":4},"end":{"line":null,"column":-1}},"2":{"start":{"line":13,"column":8},"end":{"line":null,"column":-1}},"3":{"start":{"line":18,"column":8},"end":{"line":null,"column":-1}},"4":{"start":{"line":12,"column":4},"end":{"line":null,"column":-1}},"5":{"start":{"line":17,"column":4},"end":{"line":null,"column":-1}},"6":{"start":{"line":3,"column":0},"end":{"line":null,"column":-1}},"7":{"start":{"line":22,"column":0},"end":{"line":null,"column":-1}}},"fnMap":{"0":{"name":"(anonymous_0)","decl":{"start":{"line":3,"column":0},"end":{"line":3,"column":-1}},"loc":{"start":{"line":3,"column":0},"end":{"line":20,"column":1}}},"1":{"name":"(anonymous_1)","decl":{"start":{"line":12,"column":4},"end":{"line":12,"column":7}},"loc":{"start":{"line":12,"column":17},"end":{"line":14,"column":5}}},"2":{"name":"(anonymous_2)","decl":{"start":{"line":17,"column":4},"end":{"line":17,"column":6}},"loc":{"start":{"line":17,"column":21},"end":{"line":19,"column":5}}}},"branchMap":{},"s":{"0":0,"1":0,"2":0,"3":0,"4":0,"5":0,"6":0,"7":0},"f":{"0":0,"1":0,"2":0},"b":{}}
,"/Users/lnked/web/react-starter.dev/src/utils/index.ts": {"path":"/Users/lnked/web/react-starter.dev/src/utils/index.ts","statementMap":{"0":{"start":{"line":1,"column":0},"end":{"line":null,"column":-1}},"1":{"start":{"line":2,"column":0},"end":{"line":null,"column":-1}}},"fnMap":{},"branchMap":{},"s":{"0":0,"1":0},"f":{},"b":{}}
,"/Users/lnked/web/react-starter.dev/src/utils/load-component/index.tsx": {"path":"/Users/lnked/web/react-starter.dev/src/utils/load-component/index.tsx","statementMap":{"0":{"start":{"line":1,"column":0},"end":{"line":1,"column":-1}},"1":{"start":{"line":3,"column":0},"end":{"line":3,"column":-1}},"2":{"start":{"line":10,"column":13},"end":{"line":null,"column":-1}},"3":{"start":{"line":10,"column":29},"end":{"line":null,"column":-1}},"4":{"start":{"line":24,"column":0},"end":{"line":null,"column":-1}}},"fnMap":{"0":{"name":"(anonymous_2)","decl":{"start":{"line":10,"column":29},"end":{"line":10,"column":29}},"loc":{"start":{"line":10,"column":29},"end":{"line":10,"column":13}}}},"branchMap":{"0":{"loc":{"start":{"line":10,"column":59},"end":{"line":10,"column":29}},"type":"default-arg","locations":[{"start":{"line":10,"column":59},"end":{"line":10,"column":29}}]}},"s":{"0":0,"1":0,"2":0,"3":0,"4":0},"f":{"0":0},"b":{"0":[0]}}
,"/Users/lnked/web/react-starter.dev/src/utils/svg-fixer/index.tsx": {"path":"/Users/lnked/web/react-starter.dev/src/utils/svg-fixer/index.tsx","statementMap":{"0":{"start":{"line":1,"column":13},"end":{"line":null,"column":-1}},"1":{"start":{"line":2,"column":28},"end":{"line":2,"column":4}},"2":{"start":{"line":3,"column":25},"end":{"line":3,"column":4}},"3":{"start":{"line":5,"column":4},"end":{"line":13,"column":5}},"4":{"start":{"line":6,"column":8},"end":{"line":null,"column":-1}},"5":{"start":{"line":7,"column":24},"end":{"line":7,"column":12}},"6":{"start":{"line":9,"column":12},"end":{"line":11,"column":13}},"7":{"start":{"line":10,"column":16},"end":{"line":null,"column":-1}},"8":{"start":{"line":16,"column":0},"end":{"line":null,"column":-1}}},"fnMap":{"0":{"name":"(anonymous_0)","decl":{"start":{"line":1,"column":24},"end":{"line":1,"column":28}},"loc":{"start":{"line":1,"column":29},"end":{"line":1,"column":13}}},"1":{"name":"(anonymous_1)","decl":{"start":{"line":6,"column":33},"end":{"line":6,"column":32}},"loc":{"start":{"line":6,"column":38},"end":{"line":6,"column":8}}}},"branchMap":{"0":{"loc":{"start":{"line":5,"column":4},"end":{"line":13,"column":5}},"type":"if","locations":[{"start":{"line":5,"column":4},"end":{"line":13,"column":5}},{"start":{"line":5,"column":4},"end":{"line":13,"column":5}}]},"1":{"loc":{"start":{"line":9,"column":12},"end":{"line":11,"column":13}},"type":"if","locations":[{"start":{"line":9,"column":12},"end":{"line":11,"column":13}},{"start":{"line":9,"column":12},"end":{"line":11,"column":13}}]}},"s":{"0":0,"1":0,"2":0,"3":0,"4":0,"5":0,"6":0,"7":0,"8":0},"f":{"0":0,"1":0},"b":{"0":[0,0],"1":[0,0]}}
}
